2016-05-11 19:23:35 INFO --------回收Scaned--------:0
2016-05-11 19:23:36 INFO 开始分析:http://tieba.baidu.com/home/main?un=1OOO赞&fr=ibaidu&ie=utf-8
2016-05-11 19:23:36 INFO Starting new HTTP connection (1): tieba.baidu.com
2016-05-11 19:23:36 DEBUG "GET /home/main?un=1OOO%E8%B5%9E&fr=ibaidu&ie=utf-8 HTTP/1.1" 200 None
2016-05-11 19:23:37 INFO start threadjt6dp7
2016-05-11 19:23:37 INFO start thread画扇y悲风鸭
2016-05-11 19:23:37 INFO start threadyamateh9173反
2016-05-11 19:23:37 INFO start threadzechboy1990眯
2016-05-11 19:23:37 INFO start thread逝去变成记忆
2016-05-11 19:23:37 INFO start threadyearkimking5
2016-05-11 19:23:37 INFO start thread苏小戊
2016-05-11 19:23:37 INFO start threadephiroths
2016-05-11 19:23:37 INFO 分析URL结束:http://tieba.baidu.com/home/main?un=1OOO赞&fr=ibaidu&ie=utf-8
2016-05-11 19:23:37 INFO ---存储数据---
2016-05-11 19:23:37 INFO 开始分析:http://tieba.baidu.com/home/main?un=ephiroths&fr=ibaidu&ie=utf-8
2016-05-11 19:23:37 INFO Starting new HTTP connection (1): tieba.baidu.com
2016-05-11 19:23:38 DEBUG "GET /home/main?un=ephiroths&fr=ibaidu&ie=utf-8 HTTP/1.1" 200 None
2016-05-11 19:23:38 INFO start threadWWDXN
2016-05-11 19:23:38 INFO start thread上山采小狗
2016-05-11 19:23:38 INFO start thread听落地雪花
2016-05-11 19:23:38 INFO start threadwearechampion6
2016-05-11 19:23:38 INFO 分析URL结束:http://tieba.baidu.com/home/main?un=ephiroths&fr=ibaidu&ie=utf-8
2016-05-11 19:23:38 INFO ---存储数据---
2016-05-11 19:23:38 INFO 开始分析:http://tieba.baidu.com/home/main?un=zechboy1990眯&fr=ibaidu&ie=utf-8
2016-05-11 19:23:38 INFO 开始分析:http://tieba.baidu.com/home/main?un=蔡丿小坏Kiss灬&fr=ibaidu&ie=utf-8
2016-05-11 19:23:38 INFO Starting new HTTP connection (1): tieba.baidu.com
2016-05-11 19:23:38 INFO Starting new HTTP connection (1): tieba.baidu.com
2016-05-11 19:23:38 DEBUG "GET /home/main?un=%E8%94%A1%E4%B8%BF%E5%B0%8F%E5%9D%8FKiss%E7%81%AC&fr=ibaidu&ie=utf-8 HTTP/1.1" 200 None
2016-05-11 19:23:39 DEBUG "GET /home/main?un=zechboy1990%E7%9C%AF&fr=ibaidu&ie=utf-8 HTTP/1.1" 200 None
2016-05-11 19:23:39 INFO start thread贤胜i唇
2016-05-11 19:23:39 INFO start threadof6zn8
2016-05-11 19:23:39 INFO start threadfj1ae9
2016-05-11 19:23:39 INFO start thread经纱鸡
2016-05-11 19:23:39 INFO start thread_AIA_mS_啼\7
2016-05-11 19:23:39 INFO start threadAIA盟sL
2016-05-11 19:23:39 INFO start threadpd9ek7
2016-05-11 19:23:39 INFO start thread_AIA_obxt
2016-05-11 19:23:39 INFO 分析URL结束:http://tieba.baidu.com/home/main?un=蔡丿小坏Kiss灬&fr=ibaidu&ie=utf-8
2016-05-11 19:23:39 INFO ---存储数据---
2016-05-11 19:23:39 INFO 开始分析:http://tieba.baidu.com/home/main?un=丶牧牧灬&fr=ibaidu&ie=utf-8
2016-05-11 19:23:39 INFO 开始分析:http://tieba.baidu.com/home/main?un=贤胜i唇&fr=ibaidu&ie=utf-8
2016-05-11 19:23:39 INFO Starting new HTTP connection (1): tieba.baidu.com
2016-05-11 19:23:39 INFO Starting new HTTP connection (1): tieba.baidu.com
2016-05-11 19:23:39 INFO start thread还钱找我
2016-05-11 19:23:39 INFO 分析URL结束:http://tieba.baidu.com/home/main?un=zechboy1990眯&fr=ibaidu&ie=utf-8
2016-05-11 19:23:39 INFO ---存储数据---
2016-05-11 19:23:39 INFO 开始分析:http://tieba.baidu.com/home/main?un=kanglongyao200&fr=ibaidu&ie=utf-8
2016-05-11 19:23:39 INFO 开始分析:http://tieba.baidu.com/home/main?un=还钱找我&fr=ibaidu&ie=utf-8
2016-05-11 19:23:39 INFO Starting new HTTP connection (1): tieba.baidu.com
2016-05-11 19:23:39 INFO Starting new HTTP connection (1): tieba.baidu.com
2016-05-11 19:23:39 DEBUG "GET /home/main?un=%E4%B8%B6%E7%89%A7%E7%89%A7%E7%81%AC&fr=ibaidu&ie=utf-8 HTTP/1.1" 200 None
2016-05-11 19:23:40 DEBUG "GET /home/main?un=%E8%B4%A4%E8%83%9Ci%E5%94%87&fr=ibaidu&ie=utf-8 HTTP/1.1" 200 None
2016-05-11 19:23:40 INFO 分析URL结束:http://tieba.baidu.com/home/main?un=贤胜i唇&fr=ibaidu&ie=utf-8
2016-05-11 19:23:40 INFO ---存储数据---
2016-05-11 19:23:40 DEBUG "GET /home/main?un=%E8%BF%98%E9%92%B1%E6%89%BE%E6%88%91&fr=ibaidu&ie=utf-8 HTTP/1.1" 200 None
2016-05-11 19:23:40 INFO 开始分析:http://tieba.baidu.com/home/main?un=of6zn8&fr=ibaidu&ie=utf-8
2016-05-11 19:23:40 INFO 开始分析:http://tieba.baidu.com/home/main?un=GGGGGFFXDDDDD&fr=ibaidu&ie=utf-8
2016-05-11 19:23:40 INFO Starting new HTTP connection (1): tieba.baidu.com
2016-05-11 19:23:40 INFO start thread本兮皇颜
2016-05-11 19:23:40 INFO start threadxianjin123456
2016-05-11 19:23:40 INFO start thread帆来赋趣
2016-05-11 19:23:40 INFO start thread1484450184
2016-05-11 19:23:40 INFO Starting new HTTP connection (1): tieba.baidu.com
2016-05-11 19:23:40 INFO start threadreirei333
2016-05-11 19:23:40 INFO start thread骑猪兜风49
2016-05-11 19:23:40 INFO start thread灵瑕悦小星星
2016-05-11 19:23:40 INFO start thread唯心心心心c
2016-05-11 19:23:40 INFO 分析URL结束:http://tieba.baidu.com/home/main?un=丶牧牧灬&fr=ibaidu&ie=utf-8
2016-05-11 19:23:40 INFO ---存储数据---
2016-05-11 19:23:40 INFO 开始分析:http://tieba.baidu.com/home/main?un=304254842&fr=ibaidu&ie=utf-8
2016-05-11 19:23:40 INFO 开始分析:http://tieba.baidu.com/home/main?un=1484450184&fr=ibaidu&ie=utf-8
2016-05-11 19:23:40 INFO Starting new HTTP connection (1): tieba.baidu.com
2016-05-11 19:23:40 INFO Starting new HTTP connection (1): tieba.baidu.com
2016-05-11 19:23:40 INFO start thread愧疚羞耻涌你喉
2016-05-11 19:23:40 INFO start thread美玉天成和田玉
2016-05-11 19:23:40 INFO start threadzechboy1990眯
2016-05-11 19:23:40 DEBUG "GET /home/main?un=GGGGGFFXDDDDD&fr=ibaidu&ie=utf-8 HTTP/1.1" 200 None
2016-05-11 19:23:40 INFO 分析URL结束:http://tieba.baidu.com/home/main?un=还钱找我&fr=ibaidu&ie=utf-8
2016-05-11 19:23:40 INFO ---存储数据---
2016-05-11 19:23:40 DEBUG "GET /home/main?un=of6zn8&fr=ibaidu&ie=utf-8 HTTP/1.1" 200 None
2016-05-11 19:23:40 DEBUG "GET /home/main?un=304254842&fr=ibaidu&ie=utf-8 HTTP/1.1" 200 None
2016-05-11 19:23:40 INFO 开始分析:http://tieba.baidu.com/home/main?un=百战成戈&fr=ibaidu&ie=utf-8
2016-05-11 19:23:41 INFO 开始分析:http://tieba.baidu.com/home/main?un=洛宁半仙&fr=ibaidu&ie=utf-8
2016-05-11 19:23:41 INFO Starting new HTTP connection (1): tieba.baidu.com
2016-05-11 19:23:41 INFO Starting new HTTP connection (1): tieba.baidu.com
2016-05-11 19:23:41 INFO start thread怪盗基德的魅力
2016-05-11 19:23:41 INFO start threadlimminjiaoyu
2016-05-11 19:23:41 DEBUG "GET /home/main?un=1484450184&fr=ibaidu&ie=utf-8 HTTP/1.1" 200 None
2016-05-11 19:23:41 INFO start thread你不是人663
2016-05-11 19:23:41 INFO start thread博奥口腔小护士
2016-05-11 19:23:41 INFO 分析URL结束:http://tieba.baidu.com/home/main?un=of6zn8&fr=ibaidu&ie=utf-8
2016-05-11 19:23:41 INFO ---存储数据---
2016-05-11 19:23:41 DEBUG "GET /home/main?un=%E7%99%BE%E6%88%98%E6%88%90%E6%88%88&fr=ibaidu&ie=utf-8 HTTP/1.1" 200 None
2016-05-11 19:23:41 INFO 开始分析:http://tieba.baidu.com/home/main?un=雨落_晴空&fr=ibaidu&ie=utf-8
2016-05-11 19:23:41 INFO start thread我是刘2000925
2016-05-11 19:23:41 INFO 开始分析:http://tieba.baidu.com/home/main?un=你不是人663&fr=ibaidu&ie=utf-8
2016-05-11 19:23:41 INFO start thread/home/main?un=龙abc灵儿&fr=home
2016-05-11 19:23:41 INFO start thread米米_Moon
2016-05-11 19:23:41 INFO start threadCrystal释
2016-05-11 19:23:41 INFO start threadl蓝菲圣乔
2016-05-11 19:23:41 INFO start thread紫漪silly
2016-05-11 19:23:41 INFO start thread浅浅0倾城
2016-05-11 19:23:41 INFO 分析URL结束:http://tieba.baidu.com/home/main?un=304254842&fr=ibaidu&ie=utf-8
2016-05-11 19:23:41 INFO Starting new HTTP connection (1): tieba.baidu.com
2016-05-11 19:23:41 INFO Starting new HTTP connection (1): tieba.baidu.com
2016-05-11 19:23:41 INFO ---存储数据---
2016-05-11 19:23:41 DEBUG "GET /home/main?un=%E6%B4%9B%E5%AE%81%E5%8D%8A%E4%BB%99&fr=ibaidu&ie=utf-8 HTTP/1.1" 200 None
2016-05-11 19:23:41 INFO 开始分析:http://tieba.baidu.com/home/main?un=小叮当的口袋55&fr=ibaidu&ie=utf-8
2016-05-11 19:23:41 INFO 开始分析:http://tieba.baidu.com/home/main?un=紫漪silly&fr=ibaidu&ie=utf-8
2016-05-11 19:23:41 INFO Starting new HTTP connection (1): tieba.baidu.com
2016-05-11 19:23:41 INFO Starting new HTTP connection (1): tieba.baidu.com
2016-05-11 19:23:41 INFO start thread贤胜i唇
2016-05-11 19:23:41 INFO start thread斩杀中国人
2016-05-11 19:23:41 INFO start threadjiqiwu19853973
2016-05-11 19:23:41 INFO start thread伏玉环
2016-05-11 19:23:41 INFO start threadki3bn8
2016-05-11 19:23:41 INFO start threadkq9cz0
2016-05-11 19:23:41 INFO start thread松皇冠最新地址
2016-05-11 19:23:41 INFO start thread慕容洋民堂磊朋
2016-05-11 19:23:41 INFO 分析URL结束:http://tieba.baidu.com/home/main?un=GGGGGFFXDDDDD&fr=ibaidu&ie=utf-8
2016-05-11 19:23:41 INFO ---存储数据---
2016-05-11 19:23:41 DEBUG "GET /home/main?un=%E4%BD%A0%E4%B8%8D%E6%98%AF%E4%BA%BA663&fr=ibaidu&ie=utf-8 HTTP/1.1" 200 None
2016-05-11 19:23:41 DEBUG "GET /home/main?un=%E9%9B%A8%E8%90%BD_%E6%99%B4%E7%A9%BA&fr=ibaidu&ie=utf-8 HTTP/1.1" 200 None
2016-05-11 19:23:42 DEBUG "GET /home/main?un=%E5%B0%8F%E5%8F%AE%E5%BD%93%E7%9A%84%E5%8F%A3%E8%A2%8B55&fr=ibaidu&ie=utf-8 HTTP/1.1" 200 None
2016-05-11 19:23:42 INFO 分析URL结束:http://tieba.baidu.com/home/main?un=1484450184&fr=ibaidu&ie=utf-8
2016-05-11 19:23:42 INFO ---存储数据---
2016-05-11 19:23:42 INFO 开始分析:http://tieba.baidu.com/home/main?un=hao丿小豪&fr=ibaidu&ie=utf-8
2016-05-11 19:23:42 INFO 开始分析:http://tieba.baidu.com/home/main?un=舒马赫我偶像&fr=ibaidu&ie=utf-8
2016-05-11 19:23:42 DEBUG "GET /home/main?un=%E7%B4%AB%E6%BC%AAsilly&fr=ibaidu&ie=utf-8 HTTP/1.1" 200 None
2016-05-11 19:23:42 INFO Starting new HTTP connection (1): tieba.baidu.com
2016-05-11 19:23:42 INFO Starting new HTTP connection (1): tieba.baidu.com
2016-05-11 19:23:42 INFO 开始分析:http://tieba.baidu.com/home/main?un=xianjin123456&fr=ibaidu&ie=utf-8
2016-05-11 19:23:42 INFO 开始分析:http://tieba.baidu.com/home/main?un=789万岁&fr=ibaidu&ie=utf-8
2016-05-11 19:23:42 INFO Starting new HTTP connection (1): tieba.baidu.com
2016-05-11 19:23:42 INFO Starting new HTTP connection (1): tieba.baidu.com
2016-05-11 19:23:42 INFO start threadzechboy1990眯
2016-05-11 19:23:42 INFO 分析URL结束:http://tieba.baidu.com/home/main?un=百战成戈&fr=ibaidu&ie=utf-8
2016-05-11 19:23:42 INFO ---存储数据---
2016-05-11 19:23:42 INFO 开始分析:http://tieba.baidu.com/home/main?un=目标楚轩&fr=ibaidu&ie=utf-8
2016-05-11 19:23:42 INFO 开始分析:http://tieba.baidu.com/home/main?un=晏民超&fr=ibaidu&ie=utf-8
2016-05-11 19:23:42 INFO Starting new HTTP connection (1): tieba.baidu.com
2016-05-11 19:23:42 INFO Starting new HTTP connection (1): tieba.baidu.com
2016-05-11 19:23:42 DEBUG "GET /home/main?un=hao%E4%B8%BF%E5%B0%8F%E8%B1%AA&fr=ibaidu&ie=utf-8 HTTP/1.1" 200 None
2016-05-11 19:23:42 INFO start threadningzhiha何
2016-05-11 19:23:42 INFO start thread国服第一嘎
2016-05-11 19:23:42 INFO start thread纪人物997
2016-05-11 19:23:42 INFO start threadkatrina85319
2016-05-11 19:23:42 INFO start threadtflfcd
2016-05-11 19:23:42 INFO start threadyi8xo1
2016-05-11 19:23:42 DEBUG "GET /home/main?un=%E8%88%92%E9%A9%AC%E8%B5%AB%E6%88%91%E5%81%B6%E5%83%8F&fr=ibaidu&ie=utf-8 HTTP/1.1" 200 None
2016-05-11 19:23:42 INFO start threadgn1qk5
2016-05-11 19:23:42 INFO start thread服粘茄粽颐琅
2016-05-11 19:23:42 DEBUG "GET /home/main?un=xianjin123456&fr=ibaidu&ie=utf-8 HTTP/1.1" 200 None
2016-05-11 19:23:42 INFO 分析URL结束:http://tieba.baidu.com/home/main?un=洛宁半仙&fr=ibaidu&ie=utf-8
2016-05-11 19:23:42 INFO ---存储数据---
2016-05-11 19:23:42 DEBUG "GET /home/main?un=%E7%9B%AE%E6%A0%87%E6%A5%9A%E8%BD%A9&fr=ibaidu&ie=utf-8 HTTP/1.1" 200 None
2016-05-11 19:23:43 DEBUG "GET /home/main?un=789%E4%B8%87%E5%B2%81&fr=ibaidu&ie=utf-8 HTTP/1.1" 200 None
2016-05-11 19:23:43 INFO 开始分析:http://tieba.baidu.com/home/main?un=美玉天成和田玉&fr=ibaidu&ie=utf-8
2016-05-11 19:23:43 DEBUG "GET /home/main?un=%E6%99%8F%E6%B0%91%E8%B6%85&fr=ibaidu&ie=utf-8 HTTP/1.1" 200 None
2016-05-11 19:23:43 INFO 开始分析:http://tieba.baidu.com/home/main?un=XH洁子&fr=ibaidu&ie=utf-8
2016-05-11 19:23:43 DEBUG "GET /home/main?un=kanglongyao200&fr=ibaidu&ie=utf-8 HTTP/1.1" 200 None
2016-05-11 19:23:43 INFO Starting new HTTP connection (1): tieba.baidu.com
2016-05-11 19:23:43 INFO Starting new HTTP connection (1): tieba.baidu.com
2016-05-11 19:23:43 INFO start thread萌MM萌哒撞
2016-05-11 19:23:43 INFO start threadof6zn8
2016-05-11 19:23:43 INFO start threadjustinblood豆
2016-05-11 19:23:43 INFO 分析URL结束:http://tieba.baidu.com/home/main?un=你不是人663&fr=ibaidu&ie=utf-8
2016-05-11 19:23:43 INFO ---存储数据---
2016-05-11 19:23:43 INFO start thread智訾蓝
2016-05-11 19:23:43 DEBUG "GET /home/main?un=%E7%BE%8E%E7%8E%89%E5%A4%A9%E6%88%90%E5%92%8C%E7%94%B0%E7%8E%89&fr=ibaidu&ie=utf-8 HTTP/1.1" 200 None
2016-05-11 19:23:43 INFO start thread璁哥??化
2016-05-11 19:23:43 INFO start thread飘飘欲仙小全讼
2016-05-11 19:23:43 INFO start threadtyw0温
2016-05-11 19:23:43 INFO start thread王东东08艘
2016-05-11 19:23:43 INFO start thread/home/main?un=挚爱茜美子&fr=home
2016-05-11 19:23:43 INFO start thread______青涩少年
2016-05-11 19:23:43 INFO 分析URL结束:http://tieba.baidu.com/home/main?un=小叮当的口袋55&fr=ibaidu&ie=utf-8
2016-05-11 19:23:43 INFO ---存储数据---
2016-05-11 19:23:43 DEBUG "GET /home/main?un=XH%E6%B4%81%E5%AD%90&fr=ibaidu&ie=utf-8 HTTP/1.1" 200 None
2016-05-11 19:23:43 INFO 开始分析:http://tieba.baidu.com/home/main?un=听落地雪花&fr=ibaidu&ie=utf-8
2016-05-11 19:23:43 INFO 开始分析:http://tieba.baidu.com/home/main?un=tyw0温&fr=ibaidu&ie=utf-8
2016-05-11 19:23:43 INFO Starting new HTTP connection (1): tieba.baidu.com
2016-05-11 19:23:43 INFO Starting new HTTP connection (1): tieba.baidu.com
2016-05-11 19:23:43 INFO 开始分析:http://tieba.baidu.com/home/main?un=limminjiaoyu&fr=ibaidu&ie=utf-8
2016-05-11 19:23:43 INFO 开始分析:http://tieba.baidu.com/home/main?un=萌MM萌哒撞&fr=ibaidu&ie=utf-8
2016-05-11 19:23:43 INFO Starting new HTTP connection (1): tieba.baidu.com
2016-05-11 19:23:43 INFO Starting new HTTP connection (1): tieba.baidu.com
2016-05-11 19:23:43 INFO start thread小橙子呗
2016-05-11 19:23:43 INFO start thread过去过不去06
2016-05-11 19:23:43 INFO start threadyr1149360896
2016-05-11 19:23:43 INFO start threadme永爱亦菲
2016-05-11 19:23:43 INFO start thread狱卒的萌芽
2016-05-11 19:23:43 INFO start thread/home/main?un=茜茜来口大骨汤&fr=home
2016-05-11 19:23:43 INFO start thread哼哼哈10
2016-05-11 19:23:43 INFO 分析URL结束:http://tieba.baidu.com/home/main?un=紫漪silly&fr=ibaidu&ie=utf-8
2016-05-11 19:23:43 INFO ---存储数据---
2016-05-11 19:23:43 DEBUG "GET /home/main?un=tyw0%E6%B8%A9&fr=ibaidu&ie=utf-8 HTTP/1.1" 200 None
2016-05-11 19:23:44 DEBUG "GET /home/main?un=limminjiaoyu&fr=ibaidu&ie=utf-8 HTTP/1.1" 200 None
2016-05-11 19:23:44 INFO start thread披银翼的魔术师
2016-05-11 19:23:44 INFO start thread益好益好益好
2016-05-11 19:23:44 INFO 开始分析:http://tieba.baidu.com/home/main?un=风边读书&fr=ibaidu&ie=utf-8
2016-05-11 19:23:44 INFO start thread王雅薇angel
2016-05-11 19:23:44 INFO 开始分析:http://tieba.baidu.com/home/main?un=护菲亦家&fr=ibaidu&ie=utf-8
2016-05-11 19:23:44 INFO start threadfaL
2016-05-11 19:23:44 INFO start thread澄句付
2016-05-11 19:23:44 INFO Starting new HTTP connection (1): tieba.baidu.com
2016-05-11 19:23:44 INFO start threada2277419213
2016-05-11 19:23:44 DEBUG "GET /home/main?un=%E8%90%8CMM%E8%90%8C%E5%93%92%E6%92%9E&fr=ibaidu&ie=utf-8 HTTP/1.1" 200 None
2016-05-11 19:23:44 INFO start thread只爱布
2016-05-11 19:23:44 INFO Starting new HTTP connection (1): tieba.baidu.com
2016-05-11 19:23:44 INFO start thread布丁爱菲
2016-05-11 19:23:44 INFO 分析URL结束:http://tieba.baidu.com/home/main?un=雨落_晴空&fr=ibaidu&ie=utf-8
2016-05-11 19:23:44 INFO ---存储数据---
2016-05-11 19:23:44 DEBUG "GET /home/main?un=%E5%90%AC%E8%90%BD%E5%9C%B0%E9%9B%AA%E8%8A%B1&fr=ibaidu&ie=utf-8 HTTP/1.1" 200 None
2016-05-11 19:23:44 INFO 开始分析:http://tieba.baidu.com/home/main?un=pd9ek7&fr=ibaidu&ie=utf-8
2016-05-11 19:23:44 INFO 开始分析:http://tieba.baidu.com/home/main?un=a2277419213&fr=ibaidu&ie=utf-8
2016-05-11 19:23:44 DEBUG "GET /home/main?un=%E9%A3%8E%E8%BE%B9%E8%AF%BB%E4%B9%A6&fr=ibaidu&ie=utf-8 HTTP/1.1" 200 None
2016-05-11 19:23:44 INFO start thread贤胜i唇
2016-05-11 19:23:44 INFO Starting new HTTP connection (1): tieba.baidu.com
2016-05-11 19:23:44 INFO start threadlm5nc4
2016-05-11 19:23:44 INFO Starting new HTTP connection (1): tieba.baidu.com
2016-05-11 19:23:44 INFO start thread生姓世
2016-05-11 19:23:44 INFO start thread全民公敌抡
2016-05-11 19:23:44 INFO start thread容芹婆i
2016-05-11 19:23:44 INFO start thread墩墩的梦比就
2016-05-11 19:23:44 INFO start thread朴捶杀味簿话事
2016-05-11 19:23:44 INFO start threadvicarxia烦
2016-05-11 19:23:44 INFO 分析URL结束:http://tieba.baidu.com/home/main?un=hao丿小豪&fr=ibaidu&ie=utf-8
2016-05-11 19:23:44 INFO ---存储数据---
2016-05-11 19:23:44 DEBUG "GET /home/main?un=%E6%8A%A4%E8%8F%B2%E4%BA%A6%E5%AE%B6&fr=ibaidu&ie=utf-8 HTTP/1.1" 200 None
2016-05-11 19:23:44 DEBUG "GET /home/main?un=pd9ek7&fr=ibaidu&ie=utf-8 HTTP/1.1" 302 None
2016-05-11 19:23:44 INFO Starting new HTTP connection (1): static.tieba.baidu.com
2016-05-11 19:23:44 INFO 开始分析:http://tieba.baidu.com/home/main?un=fangyimin87&fr=ibaidu&ie=utf-8
2016-05-11 19:23:44 INFO 开始分析:http://tieba.baidu.com/home/main?un=全民公敌抡&fr=ibaidu&ie=utf-8
2016-05-11 19:23:44 INFO Starting new HTTP connection (1): tieba.baidu.com
2016-05-11 19:23:44 INFO Starting new HTTP connection (1): tieba.baidu.com
2016-05-11 19:23:44 INFO start thread迪妹妹123
2016-05-11 19:23:44 INFO start thread回忆暧昧了青春
2016-05-11 19:23:44 INFO start thread/home/main?un=黄埔吕挪&fr=home
2016-05-11 19:23:44 INFO start threadGGGGGFFXDDDDD
2016-05-11 19:23:44 INFO start thread敢说敢做敢闯
2016-05-11 19:23:44 INFO start thread善良的荷柏园
2016-05-11 19:23:44 INFO start thread调丝也疯狂
2016-05-11 19:23:44 INFO 分析URL结束:http://tieba.baidu.com/home/main?un=舒马赫我偶像&fr=ibaidu&ie=utf-8
2016-05-11 19:23:44 INFO ---存储数据---
2016-05-11 19:23:45 DEBUG "GET /tb/error.html?ErrType=1 HTTP/1.1" 200 None
2016-05-11 19:23:45 INFO 开始分析:http://tieba.baidu.com/home/main?un=斩杀中国人&fr=ibaidu&ie=utf-8
2016-05-11 19:23:45 INFO 开始分析:http://tieba.baidu.com/home/main?un=调丝也疯狂&fr=ibaidu&ie=utf-8
2016-05-11 19:23:45 INFO Starting new HTTP connection (1): tieba.baidu.com
2016-05-11 19:23:45 INFO Starting new HTTP connection (1): tieba.baidu.com
2016-05-11 19:23:45 DEBUG "GET /home/main?un=%E5%85%A8%E6%B0%91%E5%85%AC%E6%95%8C%E6%8A%A1&fr=ibaidu&ie=utf-8 HTTP/1.1" 200 None
2016-05-11 19:23:45 INFO start threadwpuxiongm017
2016-05-11 19:23:45 INFO start threadlys下载
2016-05-11 19:23:45 INFO start thread虑饺胸郴挛逗感
2016-05-11 19:23:45 INFO start threadchengoche4719
2016-05-11 19:23:45 INFO start threadgouifvu397
2016-05-11 19:23:45 INFO start threadzj123水瓶
2016-05-11 19:23:45 INFO start thread∨〃不解释
2016-05-11 19:23:45 INFO start threadmeaprq无心E
2016-05-11 19:23:45 INFO 分析URL结束:http://tieba.baidu.com/home/main?un=xianjin123456&fr=ibaidu&ie=utf-8
2016-05-11 19:23:45 INFO ---存储数据---
2016-05-11 19:23:45 DEBUG "GET /home/main?un=%E6%96%A9%E6%9D%80%E4%B8%AD%E5%9B%BD%E4%BA%BA&fr=ibaidu&ie=utf-8 HTTP/1.1" 200 None
2016-05-11 19:23:45 INFO 开始分析:http://tieba.baidu.com/home/main?un=唯心心心心c&fr=ibaidu&ie=utf-8
2016-05-11 19:23:45 INFO 开始分析:http://tieba.baidu.com/home/main?un=虑饺胸郴挛逗感&fr=ibaidu&ie=utf-8
2016-05-11 19:23:45 INFO Starting new HTTP connection (1): tieba.baidu.com
2016-05-11 19:23:45 INFO start thread娲兮讲
2016-05-11 19:23:45 INFO start thread海军促奔
2016-05-11 19:23:45 INFO Starting new HTTP connection (1): tieba.baidu.com
2016-05-11 19:23:45 INFO start threadfuchig9973
2016-05-11 19:23:45 INFO start threaduo3qk3
2016-05-11 19:23:45 INFO start thread野弥项四
2016-05-11 19:23:45 INFO start threadsm8mx9
2016-05-11 19:23:45 INFO start threade29455574孪
2016-05-11 19:23:45 INFO start threadzechboy1990眯
2016-05-11 19:23:45 INFO 分析URL结束:http://tieba.baidu.com/home/main?un=目标楚轩&fr=ibaidu&ie=utf-8
2016-05-11 19:23:45 INFO ---存储数据---
2016-05-11 19:23:45 INFO 开始分析:http://tieba.baidu.com/home/main?un=烛光下的_约定&fr=ibaidu&ie=utf-8
2016-05-11 19:23:45 INFO 开始分析:http://tieba.baidu.com/home/main?un=sm8mx9&fr=ibaidu&ie=utf-8
2016-05-11 19:23:45 INFO Starting new HTTP connection (1): tieba.baidu.com
2016-05-11 19:23:45 INFO Starting new HTTP connection (1): tieba.baidu.com
2016-05-11 19:23:45 INFO start thread755675423
2016-05-11 19:23:45 DEBUG "GET /home/main?un=%E8%B0%83%E4%B8%9D%E4%B9%9F%E7%96%AF%E7%8B%82&fr=ibaidu&ie=utf-8 HTTP/1.1" 200 None
2016-05-11 19:23:45 INFO start threadjin5628970
2016-05-11 19:23:45 INFO start threads0ulseat
2016-05-11 19:23:45 INFO start threadLove丶丘丶比特
2016-05-11 19:23:45 INFO start threadgo洗澡去
2016-05-11 19:23:45 INFO start thread1484450184
2016-05-11 19:23:45 INFO start threadsmilesmile972
2016-05-11 19:23:45 INFO start thread坌强I麟
2016-05-11 19:23:45 INFO 分析URL结束:http://tieba.baidu.com/home/main?un=789万岁&fr=ibaidu&ie=utf-8
2016-05-11 19:23:45 INFO ---存储数据---
2016-05-11 19:23:45 DEBUG "GET /home/main?un=fangyimin87&fr=ibaidu&ie=utf-8 HTTP/1.1" 200 None
2016-05-11 19:23:45 DEBUG "GET /home/main?un=%E5%94%AF%E5%BF%83%E5%BF%83%E5%BF%83%E5%BF%83c&fr=ibaidu&ie=utf-8 HTTP/1.1" 200 None
2016-05-11 19:23:46 INFO start thread抹兽记网r_h_gp
2016-05-11 19:23:46 INFO start threadsudi33挛
2016-05-11 19:23:46 INFO start thread吊儿郎当丶苏奈
2016-05-11 19:23:46 INFO 开始分析:http://tieba.baidu.com/home/main?un=s0ulseat&fr=ibaidu&ie=utf-8
2016-05-11 19:23:46 INFO start threadcwubx029
2016-05-11 19:23:46 INFO start thread515fhuc
2016-05-11 19:23:46 INFO start thread内黄微创网络
2016-05-11 19:23:46 INFO start thread难弃她J
2016-05-11 19:23:46 INFO start threadyj5ai9
2016-05-11 19:23:46 INFO Starting new HTTP connection (1): tieba.baidu.com
2016-05-11 19:23:46 INFO 分析URL结束:http://tieba.baidu.com/home/main?un=晏民超&fr=ibaidu&ie=utf-8
2016-05-11 19:23:46 INFO ---存储数据---
2016-05-11 19:23:46 DEBUG "GET /home/main?un=sm8mx9&fr=ibaidu&ie=utf-8 HTTP/1.1" 200 None
2016-05-11 19:23:46 INFO 开始分析:http://tieba.baidu.com/home/main?un=听说他心碎而死&fr=ibaidu&ie=utf-8
2016-05-11 19:23:46 INFO 开始分析:http://tieba.baidu.com/home/main?un=斯文李ò&fr=ibaidu&ie=utf-8
2016-05-11 19:23:46 INFO Starting new HTTP connection (1): tieba.baidu.com
2016-05-11 19:23:46 INFO Starting new HTTP connection (1): tieba.baidu.com
2016-05-11 19:23:46 INFO start threadis0uz0
2016-05-11 19:23:46 INFO start thread陈妮冰纪鑫
2016-05-11 19:23:46 INFO start thread约好疵行
2016-05-11 19:23:46 INFO start threadsg3wi0
2016-05-11 19:23:46 INFO start threaddz5te4
2016-05-11 19:23:46 INFO start thread纪唱割
2016-05-11 19:23:46 DEBUG "GET /home/main?un=%E8%99%91%E9%A5%BA%E8%83%B8%E9%83%B4%E6%8C%9B%E9%80%97%E6%84%9F&fr=ibaidu&ie=utf-8 HTTP/1.1" 200 None
2016-05-11 19:23:46 INFO start thread低音zz
2016-05-11 19:23:46 DEBUG "GET /home/main?un=%E7%83%9B%E5%85%89%E4%B8%8B%E7%9A%84_%E7%BA%A6%E5%AE%9A&fr=ibaidu&ie=utf-8 HTTP/1.1" 200 None
2016-05-11 19:23:46 INFO start threadSunkshore
2016-05-11 19:23:46 INFO 分析URL结束:http://tieba.baidu.com/home/main?un=kanglongyao200&fr=ibaidu&ie=utf-8
2016-05-11 19:23:46 INFO ---存储数据---
2016-05-11 19:23:46 DEBUG "GET /home/main?un=%E6%96%AF%E6%96%87%E6%9D%8E%E5%B0%90%E7%99%BD&fr=ibaidu&ie=utf-8 HTTP/1.1" 200 None
2016-05-11 19:23:46 INFO 开始分析:http://tieba.baidu.com/home/main?un=凹凸曼筅森&fr=ibaidu&ie=utf-8
2016-05-11 19:23:46 INFO 开始分析:http://tieba.baidu.com/home/main?un=sg3wi0&fr=ibaidu&ie=utf-8
2016-05-11 19:23:46 INFO Starting new HTTP connection (1): tieba.baidu.com
2016-05-11 19:23:46 DEBUG "GET /home/main?un=%E5%90%AC%E8%AF%B4%E4%BB%96%E5%BF%83%E7%A2%8E%E8%80%8C%E6%AD%BB&fr=ibaidu&ie=utf-8 HTTP/1.1" 200 None
2016-05-11 19:23:46 INFO Starting new HTTP connection (1): tieba.baidu.com
2016-05-11 19:23:46 DEBUG "GET /home/main?un=sg3wi0&fr=ibaidu&ie=utf-8 HTTP/1.1" 302 None
2016-05-11 19:23:46 DEBUG "GET /home/main?un=s0ulseat&fr=ibaidu&ie=utf-8 HTTP/1.1" 200 None
2016-05-11 19:23:46 INFO start thread紫风蓝月vs
2016-05-11 19:23:46 INFO start thread矩潍杰
2016-05-11 19:23:46 INFO start threadca4cn1
2016-05-11 19:23:46 INFO start thread丰兴红叶珠宝
2016-05-11 19:23:46 INFO start threadN瑟的孩纸sky
2016-05-11 19:23:46 INFO start thread心与曝
2016-05-11 19:23:46 INFO 分析URL结束:http://tieba.baidu.com/home/main?un=美玉天成和田玉&fr=ibaidu&ie=utf-8
2016-05-11 19:23:46 INFO ---存储数据---
2016-05-11 19:23:46 INFO Starting new HTTP connection (1): static.tieba.baidu.com
2016-05-11 19:23:47 INFO 开始分析:http://tieba.baidu.com/home/main?un=6086668&fr=ibaidu&ie=utf-8
2016-05-11 19:23:47 INFO 开始分析:http://tieba.baidu.com/home/main?un=紫风蓝月vs&fr=ibaidu&ie=utf-8
2016-05-11 19:23:47 INFO Starting new HTTP connection (1): tieba.baidu.com
2016-05-11 19:23:47 DEBUG "GET /home/main?un=%E5%87%B9%E5%87%B8%E6%9B%BC%E7%AD%85%E6%A3%AE&fr=ibaidu&ie=utf-8 HTTP/1.1" 200 None
2016-05-11 19:23:47 INFO Starting new HTTP connection (1): tieba.baidu.com
2016-05-11 19:23:47 INFO start threadhui852362
2016-05-11 19:23:47 INFO start threadmSunshineの
2016-05-11 19:23:47 INFO start thread经方中医王翰霆
2016-05-11 19:23:47 INFO start thread钭魂侮内
2016-05-11 19:23:47 INFO start thread其实一直是单身
2016-05-11 19:23:47 DEBUG "GET /tb/error.html?ErrType=1 HTTP/1.1" 200 None
2016-05-11 19:23:47 INFO start threadjhaoo5184
2016-05-11 19:23:47 INFO start thread_小时候很萌
2016-05-11 19:23:47 INFO start threadxianjifc09
2016-05-11 19:23:47 INFO 分析URL结束:http://tieba.baidu.com/home/main?un=XH洁子&fr=ibaidu&ie=utf-8
2016-05-11 19:23:47 INFO ---存储数据---
2016-05-11 19:23:47 INFO 开始分析:http://tieba.baidu.com/home/main?un=__一毛也是钱&fr=ibaidu&ie=utf-8
2016-05-11 19:23:47 INFO 开始分析:http://tieba.baidu.com/home/main?un=其实一直是单身&fr=ibaidu&ie=utf-8
2016-05-11 19:23:47 INFO Starting new HTTP connection (1): tieba.baidu.com
2016-05-11 19:23:47 INFO 分析URL结束:http://tieba.baidu.com/home/main?un=tyw0温&fr=ibaidu&ie=utf-8
2016-05-11 19:23:47 INFO ---存储数据---
2016-05-11 19:23:47 INFO Starting new HTTP connection (1): tieba.baidu.com
2016-05-11 19:23:47 DEBUG "GET /home/main?un=6086668&fr=ibaidu&ie=utf-8 HTTP/1.1" 200 None
2016-05-11 19:23:47 INFO start threadof6zn8
2016-05-11 19:23:47 INFO start threadhdh15079999666
2016-05-11 19:23:47 INFO start thread唯根
2016-05-11 19:23:47 INFO start threadlph2006041107
2016-05-11 19:23:47 INFO start threadrd0la7
2016-05-11 19:23:47 INFO start threadslll36h
2016-05-11 19:23:47 INFO start threadxc6dz9
2016-05-11 19:23:47 INFO start thread天羽散落丶
2016-05-11 19:23:47 INFO 分析URL结束:http://tieba.baidu.com/home/main?un=limminjiaoyu&fr=ibaidu&ie=utf-8
2016-05-11 19:23:47 INFO 开始分析:http://tieba.baidu.com/home/main?un=灵龙燕菲&fr=ibaidu&ie=utf-8
2016-05-11 19:23:47 INFO ---存储数据---
2016-05-11 19:23:47 INFO 开始分析:http://tieba.baidu.com/home/main?un=楠田德不&fr=ibaidu&ie=utf-8
2016-05-11 19:23:47 DEBUG "GET /home/main?un=%E7%B4%AB%E9%A3%8E%E8%93%9D%E6%9C%88vs&fr=ibaidu&ie=utf-8 HTTP/1.1" 200 None
2016-05-11 19:23:47 INFO Starting new HTTP connection (1): tieba.baidu.com
2016-05-11 19:23:47 INFO Starting new HTTP connection (1): tieba.baidu.com
2016-05-11 19:23:47 DEBUG "GET /home/main?un=__%E4%B8%80%E6%AF%9B%E4%B9%9F%E6%98%AF%E9%92%B1&fr=ibaidu&ie=utf-8 HTTP/1.1" 200 None
2016-05-11 19:23:47 DEBUG "GET /home/main?un=%E5%85%B6%E5%AE%9E%E4%B8%80%E7%9B%B4%E6%98%AF%E5%8D%95%E8%BA%AB&fr=ibaidu&ie=utf-8 HTTP/1.1" 200 None
2016-05-11 19:23:47 INFO 分析URL结束:http://tieba.baidu.com/home/main?un=萌MM萌哒撞&fr=ibaidu&ie=utf-8
2016-05-11 19:23:47 INFO ---存储数据---
2016-05-11 19:23:47 INFO 开始分析:http://tieba.baidu.com/home/main?un=博奥口腔小护士&fr=ibaidu&ie=utf-8
2016-05-11 19:23:48 INFO 开始分析:http://tieba.baidu.com/home/main?un=爱到妥协6&fr=ibaidu&ie=utf-8
2016-05-11 19:23:48 DEBUG "GET /home/main?un=a2277419213&fr=ibaidu&ie=utf-8 HTTP/1.1" 200 None
2016-05-11 19:23:48 INFO Starting new HTTP connection (1): tieba.baidu.com
2016-05-11 19:23:48 INFO Starting new HTTP connection (1): tieba.baidu.com
2016-05-11 19:23:48 INFO 分析URL结束:http://tieba.baidu.com/home/main?un=听落地雪花&fr=ibaidu&ie=utf-8
2016-05-11 19:23:48 INFO ---存储数据---
2016-05-11 19:23:48 DEBUG "GET /home/main?un=%E6%A5%A0%E7%94%B0%E5%BE%B7%E4%B8%8D&fr=ibaidu&ie=utf-8 HTTP/1.1" 200 None
2016-05-11 19:23:48 INFO 开始分析:http://tieba.baidu.com/home/main?un=justinblood豆&fr=ibaidu&ie=utf-8
2016-05-11 19:23:48 INFO 开始分析:http://tieba.baidu.com/home/main?un=叫我^瘦&fr=ibaidu&ie=utf-8
2016-05-11 19:23:48 INFO 开始分析:http://tieba.baidu.com/home/main?un=wearechampion6&fr=ibaidu&ie=utf-8
2016-05-11 19:23:48 INFO 开始分析:http://tieba.baidu.com/home/main?un=会游泳的鱼刺&fr=ibaidu&ie=utf-8
2016-05-11 19:23:48 INFO Starting new HTTP connection (1): tieba.baidu.com
2016-05-11 19:23:48 INFO Starting new HTTP connection (1): tieba.baidu.com
2016-05-11 19:23:48 DEBUG "GET /home/main?un=%E7%81%B5%E9%BE%99%E7%87%95%E8%8F%B2&fr=ibaidu&ie=utf-8 HTTP/1.1" 200 None
2016-05-11 19:23:48 INFO Starting new HTTP connection (1): tieba.baidu.com
2016-05-11 19:23:48 INFO Starting new HTTP connection (1): tieba.baidu.com
2016-05-11 19:23:48 INFO start threadsheng92996270
2016-05-11 19:23:48 INFO start threadmanchi19780507
2016-05-11 19:23:48 DEBUG "GET /home/main?un=%E5%8D%9A%E5%A5%A5%E5%8F%A3%E8%85%94%E5%B0%8F%E6%8A%A4%E5%A3%AB&fr=ibaidu&ie=utf-8 HTTP/1.1" 200 None
2016-05-11 19:23:48 INFO start threadzp2kk9
2016-05-11 19:23:48 INFO start threadft7gt6
2016-05-11 19:23:48 INFO start threadfc7jl2
2016-05-11 19:23:48 INFO start threadxm4nx7
2016-05-11 19:23:48 INFO start threadqu3yu3
2016-05-11 19:23:48 INFO start threadyo4xy2
2016-05-11 19:23:48 INFO 分析URL结束:http://tieba.baidu.com/home/main?un=风边读书&fr=ibaidu&ie=utf-8
2016-05-11 19:23:48 INFO ---存储数据---
2016-05-11 19:23:48 DEBUG "GET /home/main?un=%E7%88%B1%E5%88%B0%E5%A6%A5%E5%8D%8F6&fr=ibaidu&ie=utf-8 HTTP/1.1" 200 None
2016-05-11 19:23:48 DEBUG "GET /home/main?un=justinblood%E8%B1%86&fr=ibaidu&ie=utf-8 HTTP/1.1" 200 None
2016-05-11 19:23:48 DEBUG "GET /home/main?un=%E4%BC%9A%E6%B8%B8%E6%B3%B3%E7%9A%84%E9%B1%BC%E5%88%BA&fr=ibaidu&ie=utf-8 HTTP/1.1" 200 None
2016-05-11 19:23:48 INFO start threadzz0fm6
2016-05-11 19:23:48 DEBUG "GET /home/main?un=wearechampion6&fr=ibaidu&ie=utf-8 HTTP/1.1" 200 None
2016-05-11 19:23:48 INFO start threadal3rp7
2016-05-11 19:23:48 INFO start threadgx9be0
2016-05-11 19:23:48 INFO start threadH迪_Y梁君
2016-05-11 19:23:48 ERROR Main : getFans None:http://tieba.baidu.com/home/main?un=pd9ek7&fr=ibaidu&ie=utf-8|fans<class 'TypeError'>'NoneType' object is not iterable
2016-05-11 19:23:48 INFO start threadvb2ek2
2016-05-11 19:23:48 INFO start thread令狐骅霞勤
2016-05-11 19:23:48 INFO start thread爱旧欢新7e1
2016-05-11 19:23:48 INFO start threadmp7sd5
2016-05-11 19:23:48 ERROR Main : getFollows None:http://tieba.baidu.com/home/main?un=pd9ek7&fr=ibaidu&ie=utf-8|follows:<class 'TypeError'>'NoneType' object is not iterable
2016-05-11 19:23:48 INFO 分析URL结束:http://tieba.baidu.com/home/main?un=pd9ek7&fr=ibaidu&ie=utf-8
2016-05-11 19:23:48 INFO ---存储数据---
2016-05-11 19:23:48 INFO 分析URL结束:http://tieba.baidu.com/home/main?un=护菲亦家&fr=ibaidu&ie=utf-8
2016-05-11 19:23:48 INFO ---存储数据---
2016-05-11 19:23:48 ERROR 存储用户信息失败:<class 'AttributeError'>'NoneType' object has no attribute 'userid'
2016-05-11 19:23:48 INFO 开始分析:http://tieba.baidu.com/home/main?un=我是刘2000925&fr=ibaidu&ie=utf-8
2016-05-11 19:23:48 ERROR 存储论坛信息失败<class 'TypeError'>'NoneType' object is not iterable
2016-05-11 19:23:48 INFO 开始分析:http://tieba.baidu.com/home/main?un=zp2kk9&fr=ibaidu&ie=utf-8
2016-05-11 19:23:48 ERROR 存储粉丝信息失败<class 'TypeError'>'NoneType' object is not iterable
2016-05-11 19:23:48 ERROR 存储关注信息失败<class 'TypeError'>'NoneType' object is not iterable
2016-05-11 19:23:48 INFO Starting new HTTP connection (1): tieba.baidu.com
2016-05-11 19:23:48 INFO 开始分析:http://tieba.baidu.com/home/main?un=_AIA_obxt&fr=ibaidu&ie=utf-8
2016-05-11 19:23:48 INFO start thread/home/main?un=爱你万万年岁月&fr=home
2016-05-11 19:23:48 INFO Starting new HTTP connection (1): tieba.baidu.com
2016-05-11 19:23:48 INFO 分析URL结束:http://tieba.baidu.com/home/main?un=全民公敌抡&fr=ibaidu&ie=utf-8
2016-05-11 19:23:48 INFO ---存储数据---
2016-05-11 19:23:48 INFO Starting new HTTP connection (1): tieba.baidu.com
2016-05-11 19:23:48 DEBUG "GET /home/main?un=%E8%AB%8B%E5%8F%AB%E6%88%91%E5%BC%B5%E8%BC%83%E7%98%A6&fr=ibaidu&ie=utf-8 HTTP/1.1" 200 None
2016-05-11 19:23:49 INFO 分析URL结束:http://tieba.baidu.com/home/main?un=斩杀中国人&fr=ibaidu&ie=utf-8
2016-05-11 19:23:49 INFO ---存储数据---
2016-05-11 19:23:49 DEBUG "GET /home/main?un=zp2kk9&fr=ibaidu&ie=utf-8 HTTP/1.1" 200 None
2016-05-11 19:23:49 INFO 开始分析:http://tieba.baidu.com/home/main?un=生姓世&fr=ibaidu&ie=utf-8
2016-05-11 19:23:49 INFO 开始分析:http://tieba.baidu.com/home/main?un=漂流瓶de盖子&fr=ibaidu&ie=utf-8
2016-05-11 19:23:49 INFO 开始分析:http://tieba.baidu.com/home/main?un=小橙子呗&fr=ibaidu&ie=utf-8
2016-05-11 19:23:49 INFO Starting new HTTP connection (1): tieba.baidu.com
2016-05-11 19:23:49 INFO 开始分析:http://tieba.baidu.com/home/main?un=虚伪De心动&fr=ibaidu&ie=utf-8
2016-05-11 19:23:49 INFO Starting new HTTP connection (1): tieba.baidu.com
2016-05-11 19:23:49 DEBUG "GET /home/main?un=%E6%88%91%E6%98%AF%E5%88%982000925&fr=ibaidu&ie=utf-8 HTTP/1.1" 200 None
2016-05-11 19:23:49 INFO Starting new HTTP connection (1): tieba.baidu.com
2016-05-11 19:23:49 INFO Starting new HTTP connection (1): tieba.baidu.com
2016-05-11 19:23:49 INFO 开始分析:http://tieba.baidu.com/home/main?un=悲催滴世界2c&fr=ibaidu&ie=utf-8
2016-05-11 19:23:49 INFO 开始分析:http://tieba.baidu.com/home/main?un=东方还在败&fr=ibaidu&ie=utf-8
2016-05-11 19:23:49 INFO Starting new HTTP connection (1): tieba.baidu.com
2016-05-11 19:23:49 INFO start thread莺谢尧
2016-05-11 19:23:49 INFO start thread几立丶_俟
2016-05-11 19:23:49 INFO Starting new HTTP connection (1): tieba.baidu.com
2016-05-11 19:23:49 INFO start threadocizhuo0340
2016-05-11 19:23:49 INFO start threadlunshaq16
2016-05-11 19:23:49 INFO start thread帐曝老挝
2016-05-11 19:23:49 INFO start threadjanslo
2016-05-11 19:23:49 INFO 分析URL结束:http://tieba.baidu.com/home/main?un=调丝也疯狂&fr=ibaidu&ie=utf-8
2016-05-11 19:23:49 INFO ---存储数据---
2016-05-11 19:23:49 DEBUG "GET /home/main?un=%E8%99%9A%E4%BC%AADe%E5%BF%83%E5%8A%A8&fr=ibaidu&ie=utf-8 HTTP/1.1" 200 None
2016-05-11 19:23:49 INFO 开始分析:http://tieba.baidu.com/home/main?un=迪妹妹123&fr=ibaidu&ie=utf-8
2016-05-11 19:23:49 INFO 开始分析:http://tieba.baidu.com/home/main?un=lunshaq16&fr=ibaidu&ie=utf-8
2016-05-11 19:23:49 INFO Starting new HTTP connection (1): tieba.baidu.com
2016-05-11 19:23:49 INFO Starting new HTTP connection (1): tieba.baidu.com
2016-05-11 19:23:49 DEBUG "GET /home/main?un=%E6%82%B2%E5%82%AC%E6%BB%B4%E4%B8%96%E7%95%8C2c&fr=ibaidu&ie=utf-8 HTTP/1.1" 200 None
2016-05-11 19:23:49 DEBUG "GET /home/main?un=%E4%B8%9C%E6%96%B9%E8%BF%98%E5%9C%A8%E8%B4%A5&fr=ibaidu&ie=utf-8 HTTP/1.1" 200 None
2016-05-11 19:23:49 INFO start thread贤胜i唇
2016-05-11 19:23:49 INFO start thread平泉哪有了小姐
2016-05-11 19:23:49 INFO start threadWARMSICE
2016-05-11 19:23:49 INFO start threadJolin_silent
2016-05-11 19:23:49 INFO start thread苏克和温格
2016-05-11 19:23:49 INFO start threadboykime
2016-05-11 19:23:49 INFO 分析URL结束:http://tieba.baidu.com/home/main?un=fangyimin87&fr=ibaidu&ie=utf-8
2016-05-11 19:23:49 INFO ---存储数据---
2016-05-11 19:23:49 DEBUG "GET /home/main?un=%E7%94%9F%E5%A7%93%E4%B8%96&fr=ibaidu&ie=utf-8 HTTP/1.1" 200 None
2016-05-11 19:23:49 DEBUG "GET /home/main?un=%E5%B0%8F%E6%A9%99%E5%AD%90%E5%91%97&fr=ibaidu&ie=utf-8 HTTP/1.1" 200 None
2016-05-11 19:23:50 INFO start threadsb6jk8
2016-05-11 19:23:50 INFO 开始分析:http://tieba.baidu.com/home/main?un=go多多宝&fr=ibaidu&ie=utf-8
2016-05-11 19:23:50 INFO start threadcn0fg8
2016-05-11 19:23:50 INFO 开始分析:http://tieba.baidu.com/home/main?un=M78星云的推王&fr=ibaidu&ie=utf-8
2016-05-11 19:23:50 INFO start thread白天撸到黑夜伺
2016-05-11 19:23:50 INFO start thread何轻风吹
2016-05-11 19:23:50 INFO start threadjjitan2795
2016-05-11 19:23:50 INFO start thread请用heart
2016-05-11 19:23:50 INFO start threadzhinfbt339
2016-05-11 19:23:50 INFO start threadkvkyac296
2016-05-11 19:23:50 INFO Starting new HTTP connection (1): tieba.baidu.com
2016-05-11 19:23:50 DEBUG "GET /home/main?un=%E8%BF%AA%E5%A6%B9%E5%A6%B9123&fr=ibaidu&ie=utf-8 HTTP/1.1" 200 None
2016-05-11 19:23:50 INFO Starting new HTTP connection (1): tieba.baidu.com
2016-05-11 19:23:50 INFO 分析URL结束:http://tieba.baidu.com/home/main?un=唯心心心心c&fr=ibaidu&ie=utf-8
2016-05-11 19:23:50 INFO ---存储数据---
2016-05-11 19:23:50 DEBUG "GET /home/main?un=lunshaq16&fr=ibaidu&ie=utf-8 HTTP/1.1" 200 None
2016-05-11 19:23:50 INFO 分析URL结束:http://tieba.baidu.com/home/main?un=sm8mx9&fr=ibaidu&ie=utf-8
2016-05-11 19:23:50 INFO ---存储数据---
2016-05-11 19:23:50 INFO 开始分析:http://tieba.baidu.com/home/main?un=reirei333&fr=ibaidu&ie=utf-8
2016-05-11 19:23:50 INFO 开始分析:http://tieba.baidu.com/home/main?un=曾经叫伟伟丶&fr=ibaidu&ie=utf-8
2016-05-11 19:23:50 DEBUG "GET /home/main?un=go%E5%A4%9A%E5%A4%9A%E5%AE%9D&fr=ibaidu&ie=utf-8 HTTP/1.1" 200 None
2016-05-11 19:23:50 INFO 开始分析:http://tieba.baidu.com/home/main?un=娲兮讲&fr=ibaidu&ie=utf-8
2016-05-11 19:23:50 INFO 开始分析:http://tieba.baidu.com/home/main?un=风浪中的鱼儿&fr=ibaidu&ie=utf-8
2016-05-11 19:23:50 INFO Starting new HTTP connection (1): tieba.baidu.com
2016-05-11 19:23:50 INFO Starting new HTTP connection (1): tieba.baidu.com
2016-05-11 19:23:50 INFO Starting new HTTP connection (1): tieba.baidu.com
2016-05-11 19:23:50 INFO Starting new HTTP connection (1): tieba.baidu.com
2016-05-11 19:23:50 DEBUG "GET /home/main?un=M78%E6%98%9F%E4%BA%91%E7%9A%84%E6%8E%A8%E7%8E%8B&fr=ibaidu&ie=utf-8 HTTP/1.1" 200 None
2016-05-11 19:23:50 INFO 分析URL结束:http://tieba.baidu.com/home/main?un=虑饺胸郴挛逗感&fr=ibaidu&ie=utf-8
2016-05-11 19:23:50 INFO ---存储数据---
2016-05-11 19:23:50 INFO 开始分析:http://tieba.baidu.com/home/main?un=day坏坏00&fr=ibaidu&ie=utf-8
2016-05-11 19:23:50 INFO 开始分析:http://tieba.baidu.com/home/main?un=钟离永年&fr=ibaidu&ie=utf-8
2016-05-11 19:23:50 DEBUG "GET /home/main?un=%E5%A8%B2%E5%85%AE%E8%AE%B2&fr=ibaidu&ie=utf-8 HTTP/1.1" 200 None
2016-05-11 19:23:50 INFO Starting new HTTP connection (1): tieba.baidu.com
2016-05-11 19:23:50 DEBUG "GET /home/main?un=reirei333&fr=ibaidu&ie=utf-8 HTTP/1.1" 200 None
2016-05-11 19:23:50 INFO Starting new HTTP connection (1): tieba.baidu.com
2016-05-11 19:23:50 DEBUG "GET /home/main?un=%E6%9B%BE%E7%BB%8F%E5%8F%AB%E4%BC%9F%E4%BC%9F%E4%B8%B6&fr=ibaidu&ie=utf-8 HTTP/1.1" 200 None
2016-05-11 19:23:50 INFO start thread6456啊卸
2016-05-11 19:23:50 INFO start threadgouzhiqlw820
2016-05-11 19:23:51 INFO start threadecs8guczlkhh
2016-05-11 19:23:51 INFO start threadue2oa0
2016-05-11 19:23:51 INFO start threadbi1xp2
2016-05-11 19:23:51 INFO start threadkb9wa7
2016-05-11 19:23:51 INFO start threadrk0rz8
2016-05-11 19:23:51 INFO start threadydlxajrgl
2016-05-11 19:23:51 INFO 分析URL结束:http://tieba.baidu.com/home/main?un=烛光下的_约定&fr=ibaidu&ie=utf-8
2016-05-11 19:23:51 INFO ---存储数据---
2016-05-11 19:23:51 INFO 开始分析:http://tieba.baidu.com/home/main?un=狮子像赖皮狗&fr=ibaidu&ie=utf-8
2016-05-11 19:23:51 INFO 开始分析:http://tieba.baidu.com/home/main?un=黑色衬衫X&fr=ibaidu&ie=utf-8
2016-05-11 19:23:51 INFO Starting new HTTP connection (1): tieba.baidu.com
2016-05-11 19:23:51 INFO Starting new HTTP connection (1): tieba.baidu.com
2016-05-11 19:23:51 DEBUG "GET /home/main?un=%E9%92%9F%E7%A6%BB%E6%B0%B8%E5%B9%B4&fr=ibaidu&ie=utf-8 HTTP/1.1" 200 None
2016-05-11 19:23:51 INFO start threadxs0jf5
2016-05-11 19:23:51 INFO start threadpenglkt771
2016-05-11 19:23:51 INFO start thread增物价动
2016-05-11 19:23:51 INFO start threadxg6df4
2016-05-11 19:23:51 INFO start threadszfk
2016-05-11 19:23:51 INFO start thread西冷雪儿6
2016-05-11 19:23:51 DEBUG "GET /home/main?un=%E9%A3%8E%E6%B5%AA%E4%B8%AD%E7%9A%84%E9%B1%BC%E5%84%BF&fr=ibaidu&ie=utf-8 HTTP/1.1" 200 None
2016-05-11 19:23:51 INFO start threadrl3ao7
2016-05-11 19:23:51 INFO start threadt__云初
2016-05-11 19:23:51 INFO 分析URL结束:http://tieba.baidu.com/home/main?un=斯文李ò&fr=ibaidu&ie=utf-8
2016-05-11 19:23:51 INFO ---存储数据---
2016-05-11 19:23:51 INFO 开始分析:http://tieba.baidu.com/home/main?un=抹兽记网r_h_gp&fr=ibaidu&ie=utf-8
2016-05-11 19:23:51 INFO 开始分析:http://tieba.baidu.com/home/main?un=rl3ao7&fr=ibaidu&ie=utf-8
2016-05-11 19:23:51 INFO Starting new HTTP connection (1): tieba.baidu.com
2016-05-11 19:23:51 INFO Starting new HTTP connection (1): tieba.baidu.com
2016-05-11 19:23:51 DEBUG "GET /home/main?un=%E9%BB%91%E8%89%B2%E8%A1%AC%E8%A1%ABX&fr=ibaidu&ie=utf-8 HTTP/1.1" 200 None
2016-05-11 19:23:51 INFO start threadshouzbxq839
2016-05-11 19:23:51 INFO start thread衅布谟潦
2016-05-11 19:23:51 INFO start thread翘哥Style
2016-05-11 19:23:51 INFO start thread姣灏浜B
2016-05-11 19:23:51 INFO start threadt7806558
2016-05-11 19:23:51 INFO start thread颜汝涛
2016-05-11 19:23:51 INFO start threadtd8sz4
2016-05-11 19:23:51 INFO start threadoo8bt5
2016-05-11 19:23:51 DEBUG "GET /home/main?un=day%E5%9D%8F%E5%9D%8F00&fr=ibaidu&ie=utf-8 HTTP/1.1" 200 None
2016-05-11 19:23:51 INFO 分析URL结束:http://tieba.baidu.com/home/main?un=听说他心碎而死&fr=ibaidu&ie=utf-8
2016-05-11 19:23:51 INFO ---存储数据---
2016-05-11 19:23:51 DEBUG "GET /home/main?un=%E7%8B%AE%E5%AD%90%E5%83%8F%E8%B5%96%E7%9A%AE%E7%8B%97&fr=ibaidu&ie=utf-8 HTTP/1.1" 200 None
2016-05-11 19:23:51 INFO 开始分析:http://tieba.baidu.com/home/main?un=姣灏浜B&fr=ibaidu&ie=utf-8
2016-05-11 19:23:51 INFO Starting new HTTP connection (1): tieba.baidu.com
2016-05-11 19:23:51 DEBUG "GET /home/main?un=rl3ao7&fr=ibaidu&ie=utf-8 HTTP/1.1" 200 None
2016-05-11 19:23:51 DEBUG "GET /home/main?un=%E6%8A%B9%E5%85%BD%E8%AE%B0%E7%BD%91r_h_gp&fr=ibaidu&ie=utf-8 HTTP/1.1" 200 None
2016-05-11 19:23:52 INFO start thread丽扶空
2016-05-11 19:23:52 INFO start thread刀枪不入的果迟
2016-05-11 19:23:52 INFO start threadmira025586俗
2016-05-11 19:23:52 INFO start thread花迷糊婆
2016-05-11 19:23:52 INFO start thread捍卫二次元2259
2016-05-11 19:23:52 INFO start thread捍卫二次元1089
2016-05-11 19:23:52 INFO start threadsmoshpit
2016-05-11 19:23:52 INFO start thread今天已经提交ok
2016-05-11 19:23:52 INFO 分析URL结束:http://tieba.baidu.com/home/main?un=s0ulseat&fr=ibaidu&ie=utf-8
2016-05-11 19:23:52 INFO ---存储数据---
2016-05-11 19:23:52 DEBUG "GET /home/main?un=%E5%A7%A3%E6%9B%9E%E7%9A%AC%E6%B5%9C%E6%9B%97%E6%BD%B3B&fr=ibaidu&ie=utf-8 HTTP/1.1" 200 None
2016-05-11 19:23:52 INFO start thread一末6
2016-05-11 19:23:52 INFO start thread记忆里唯一的他
2016-05-11 19:23:52 INFO start thread璧风碘
2016-05-11 19:23:52 INFO start thread记忆角落的痛
2016-05-11 19:23:52 INFO start thread吻我至深z
2016-05-11 19:23:52 INFO start thread筌笔
2016-05-11 19:23:52 INFO start thread/home/main?un=&fr=home
2016-05-11 19:23:52 INFO 分析URL结束:http://tieba.baidu.com/home/main?un=凹凸曼筅森&fr=ibaidu&ie=utf-8
2016-05-11 19:23:52 INFO ---存储数据---
2016-05-11 19:23:52 INFO 开始分析:http://tieba.baidu.com/home/main?un=jin5628970&fr=ibaidu&ie=utf-8
2016-05-11 19:23:52 ERROR Main : getFans None:http://tieba.baidu.com/home/main?un=sg3wi0&fr=ibaidu&ie=utf-8|fans<class 'TypeError'>'NoneType' object is not iterable
2016-05-11 19:23:52 ERROR Main : getFollows None:http://tieba.baidu.com/home/main?un=sg3wi0&fr=ibaidu&ie=utf-8|follows:<class 'TypeError'>'NoneType' object is not iterable
2016-05-11 19:23:52 INFO 分析URL结束:http://tieba.baidu.com/home/main?un=sg3wi0&fr=ibaidu&ie=utf-8
2016-05-11 19:23:52 INFO ---存储数据---
2016-05-11 19:23:52 INFO 开始分析:http://tieba.baidu.com/home/main?un=刀枪不入的果迟&fr=ibaidu&ie=utf-8
2016-05-11 19:23:52 DEBUG "GET /home/main?un=_AIA_obxt&fr=ibaidu&ie=utf-8 HTTP/1.1" 200 None
2016-05-11 19:23:52 INFO Starting new HTTP connection (1): tieba.baidu.com
2016-05-11 19:23:52 INFO 开始分析:http://tieba.baidu.com/home/main?un=yearkimking5&fr=ibaidu&ie=utf-8
2016-05-11 19:23:52 ERROR 存储用户信息失败:<class 'AttributeError'>'NoneType' object has no attribute 'userid'
2016-05-11 19:23:52 ERROR 存储论坛信息失败<class 'TypeError'>'NoneType' object is not iterable
2016-05-11 19:23:52 INFO 开始分析:http://tieba.baidu.com/home/main?un=秀扎女神哟&fr=ibaidu&ie=utf-8
2016-05-11 19:23:52 ERROR 存储粉丝信息失败<class 'TypeError'>'NoneType' object is not iterable
2016-05-11 19:23:52 INFO Starting new HTTP connection (1): tieba.baidu.com
2016-05-11 19:23:52 INFO Starting new HTTP connection (1): tieba.baidu.com
2016-05-11 19:23:52 ERROR 存储关注信息失败<class 'TypeError'>'NoneType' object is not iterable
2016-05-11 19:23:52 INFO 开始分析:http://tieba.baidu.com/home/main?un=越美漫&fr=ibaidu&ie=utf-8
2016-05-11 19:23:52 INFO Starting new HTTP connection (1): tieba.baidu.com
2016-05-11 19:23:52 INFO Starting new HTTP connection (1): tieba.baidu.com
2016-05-11 19:23:52 DEBUG "GET /home/main?un=%E6%BC%82%E6%B5%81%E7%93%B6de%E7%9B%96%E5%AD%90&fr=ibaidu&ie=utf-8 HTTP/1.1" 200 None
2016-05-11 19:23:52 INFO start threadum0ea6
2016-05-11 19:23:52 INFO start threadre2qg6
2016-05-11 19:23:52 INFO start thread撸管有害健康竿
2016-05-11 19:23:52 INFO start thread堂赞定娶李荣马
2016-05-11 19:23:52 INFO start thread罂粟伊诺
2016-05-11 19:23:52 INFO start thread丶张珂
2016-05-11 19:23:52 INFO start thread斩狗型球神再盒
2016-05-11 19:23:52 DEBUG "GET /home/main?un=jin5628970&fr=ibaidu&ie=utf-8 HTTP/1.1" 200 None
2016-05-11 19:23:52 INFO start thread董事会谇钙
2016-05-11 19:23:52 INFO 分析URL结束:http://tieba.baidu.com/home/main?un=6086668&fr=ibaidu&ie=utf-8
2016-05-11 19:23:52 INFO ---存储数据---
2016-05-11 19:23:52 DEBUG "GET /home/main?un=yearkimking5&fr=ibaidu&ie=utf-8 HTTP/1.1" 200 None
2016-05-11 19:23:52 INFO 开始分析:http://tieba.baidu.com/home/main?un=愧疚羞耻涌你喉&fr=ibaidu&ie=utf-8
2016-05-11 19:23:52 INFO 开始分析:http://tieba.baidu.com/home/main?un=堂赞定娶李荣马&fr=ibaidu&ie=utf-8
2016-05-11 19:23:52 DEBUG "GET /home/main?un=%E7%A7%80%E6%89%8E%E5%A5%B3%E7%A5%9E%E5%93%9F&fr=ibaidu&ie=utf-8 HTTP/1.1" 200 None
2016-05-11 19:23:52 INFO Starting new HTTP connection (1): tieba.baidu.com
2016-05-11 19:23:52 INFO Starting new HTTP connection (1): tieba.baidu.com
2016-05-11 19:23:53 DEBUG "GET /home/main?un=%E5%88%80%E6%9E%AA%E4%B8%8D%E5%85%A5%E7%9A%84%E6%9E%9C%E8%BF%9F&fr=ibaidu&ie=utf-8 HTTP/1.1" 200 None
2016-05-11 19:23:53 INFO start threadAT泰妆在路上
2016-05-11 19:23:53 INFO start threadqlxqgifq
2016-05-11 19:23:53 INFO start threadshan7758521x
2016-05-11 19:23:53 INFO start thread澡驶
2016-05-11 19:23:53 INFO start thread看g头像g签名b
2016-05-11 19:23:53 INFO start threadxiantlu4797
2016-05-11 19:23:53 INFO 分析URL结束:http://tieba.baidu.com/home/main?un=紫风蓝月vs&fr=ibaidu&ie=utf-8
2016-05-11 19:23:53 INFO ---存储数据---
2016-05-11 19:23:53 INFO 开始分析:http://tieba.baidu.com/home/main?un=矩潍杰&fr=ibaidu&ie=utf-8
2016-05-11 19:23:53 INFO 开始分析:http://tieba.baidu.com/home/main?un=AT泰妆在路上&fr=ibaidu&ie=utf-8
2016-05-11 19:23:53 INFO Starting new HTTP connection (1): tieba.baidu.com
2016-05-11 19:23:53 DEBUG "GET /home/main?un=%E6%84%A7%E7%96%9A%E7%BE%9E%E8%80%BB%E6%B6%8C%E4%BD%A0%E5%96%89&fr=ibaidu&ie=utf-8 HTTP/1.1" 200 None
2016-05-11 19:23:53 INFO Starting new HTTP connection (1): tieba.baidu.com
2016-05-11 19:23:53 DEBUG "GET /home/main?un=%E7%9F%A9%E6%BD%8D%E6%9D%B0&fr=ibaidu&ie=utf-8 HTTP/1.1" 302 None
2016-05-11 19:23:53 INFO start threadwj9mc0
2016-05-11 19:23:53 DEBUG "GET /home/main?un=%E8%B6%8A%E7%BE%8E%E6%BC%AB&fr=ibaidu&ie=utf-8 HTTP/1.1" 200 None
2016-05-11 19:23:53 INFO start thread淡意o_O温柔
2016-05-11 19:23:53 INFO start thread乖招募辗
