2016-05-11 19:42:22 INFO --------回收Scaned--------:0
2016-05-11 19:42:23 ERROR 创建表失败:<class '_mysql_exceptions.OperationalError'>(1050, "Table 'user' already exists")
2016-05-11 19:42:23 INFO 开始分析:http://tieba.baidu.com/home/main?un=1OOO赞&fr=ibaidu&ie=utf-8
2016-05-11 19:42:23 INFO Starting new HTTP connection (1): tieba.baidu.com
2016-05-11 19:42:24 DEBUG "GET /home/main?un=1OOO%E8%B5%9E&fr=ibaidu&ie=utf-8 HTTP/1.1" 200 None
2016-05-11 19:42:24 INFO start threadjt6dp7
2016-05-11 19:42:24 INFO start thread画扇y悲风鸭
2016-05-11 19:42:24 INFO start threadyamateh9173反
2016-05-11 19:42:24 INFO start threadzechboy1990眯
2016-05-11 19:42:24 INFO start thread逝去变成记忆
2016-05-11 19:42:24 INFO start threadyearkimking5
2016-05-11 19:42:24 INFO start thread苏小戊
2016-05-11 19:42:24 INFO start threadephiroths
2016-05-11 19:42:24 INFO 分析URL结束:http://tieba.baidu.com/home/main?un=1OOO赞&fr=ibaidu&ie=utf-8
2016-05-11 19:42:24 INFO ---存储数据---
2016-05-11 19:42:24 ERROR 存储用户信息失败:<class '_mysql_exceptions.IntegrityError'>(1062, "Duplicate entry '1OOO赞' for key 'PRIMARY'")
2016-05-11 19:42:24 ERROR 存储论坛信息失败<class '_mysql_exceptions.IntegrityError'>(1062, "Duplicate entry '1OOO赞-江西财经大学' for key 'PRIMARY'")
2016-05-11 19:42:24 ERROR 存储粉丝信息失败<class '_mysql_exceptions.IntegrityError'>(1062, "Duplicate entry '1OOO赞-jt6dp7' for key 'PRIMARY'")
2016-05-11 19:42:24 ERROR 存储关注信息失败<class '_mysql_exceptions.IntegrityError'>(1062, "Duplicate entry '1OOO赞-丿花满楼灬光光' for key 'PRIMARY'")
2016-05-11 19:42:24 INFO 开始分析:http://tieba.baidu.com/home/main?un=jt6dp7&fr=ibaidu&ie=utf-8
2016-05-11 19:42:24 INFO Starting new HTTP connection (1): tieba.baidu.com
2016-05-11 19:42:25 DEBUG "GET /home/main?un=jt6dp7&fr=ibaidu&ie=utf-8 HTTP/1.1" 200 None
2016-05-11 19:42:25 INFO 分析URL结束:http://tieba.baidu.com/home/main?un=jt6dp7&fr=ibaidu&ie=utf-8
2016-05-11 19:42:25 INFO ---存储数据---
2016-05-11 19:42:25 ERROR 存储用户信息失败:<class '_mysql_exceptions.IntegrityError'>(1062, "Duplicate entry 'jt6dp7' for key 'PRIMARY'")
2016-05-11 19:42:25 ERROR 存储论坛信息失败<class 'IndexError'>list index out of range
2016-05-11 19:42:25 ERROR 存储粉丝信息失败<class 'IndexError'>list index out of range
2016-05-11 19:42:25 ERROR 存储关注信息失败<class '_mysql_exceptions.IntegrityError'>(1062, "Duplicate entry 'jt6dp7-r代丶小青年' for key 'PRIMARY'")
2016-05-11 19:42:25 INFO 开始分析:http://tieba.baidu.com/home/main?un=苏小戊&fr=ibaidu&ie=utf-8
2016-05-11 19:42:25 INFO 开始分析:http://tieba.baidu.com/home/main?un=十字oo&fr=ibaidu&ie=utf-8
2016-05-11 19:42:25 INFO Starting new HTTP connection (1): tieba.baidu.com
