2016-05-11 18:55:18 INFO 开始分析:http://tieba.baidu.com/home/main?un=1OOO赞&fr=ibaidu&ie=utf-8
2016-05-11 18:55:18 INFO Starting new HTTP connection (1): tieba.baidu.com
2016-05-11 18:55:18 DEBUG "GET /home/main?un=1OOO%E8%B5%9E&fr=ibaidu&ie=utf-8 HTTP/1.1" 200 None
2016-05-11 18:55:19 INFO 开始分析:http://tieba.baidu.com/home/main?un=yearkimking5&fr=ibaidu&ie=utf-8
2016-05-11 18:55:19 INFO Starting new HTTP connection (1): tieba.baidu.com
2016-05-11 18:55:20 DEBUG "GET /home/main?un=yearkimking5&fr=ibaidu&ie=utf-8 HTTP/1.1" 200 None
2016-05-11 18:55:20 INFO 开始分析:http://tieba.baidu.com/home/main?un=画扇y悲风鸭&fr=ibaidu&ie=utf-8
2016-05-11 18:55:20 INFO 开始分析:http://tieba.baidu.com/home/main?un=吴青忆仟&fr=ibaidu&ie=utf-8
2016-05-11 18:55:20 INFO Starting new HTTP connection (1): tieba.baidu.com
2016-05-11 18:55:20 INFO Starting new HTTP connection (1): tieba.baidu.com
2016-05-11 18:55:20 DEBUG "GET /home/main?un=%E7%94%BB%E6%89%87y%E6%82%B2%E9%A3%8E%E9%B8%AD&fr=ibaidu&ie=utf-8 HTTP/1.1" 200 None
2016-05-11 18:55:21 DEBUG "GET /home/main?un=%E5%90%B4%E9%9D%92%E5%BF%86%E4%BB%9F&fr=ibaidu&ie=utf-8 HTTP/1.1" 200 None
2016-05-11 18:55:21 INFO 开始分析:http://tieba.baidu.com/home/main?un=Galaxy&fr=ibaidu&ie=utf-8
2016-05-11 18:55:21 INFO 开始分析:http://tieba.baidu.com/home/main?un=出口创汇刑帽&fr=ibaidu&ie=utf-8
2016-05-11 18:55:21 INFO Starting new HTTP connection (1): tieba.baidu.com
2016-05-11 18:55:21 INFO Starting new HTTP connection (1): tieba.baidu.com
2016-05-11 18:55:22 INFO 开始分析:http://tieba.baidu.com/home/main?un=苏小戊&fr=ibaidu&ie=utf-8
2016-05-11 18:55:22 INFO 开始分析:http://tieba.baidu.com/home/main?un=临清521八宝粥&fr=ibaidu&ie=utf-8
2016-05-11 18:55:22 DEBUG "GET /home/main?un=%E5%87%BA%E5%8F%A3%E5%88%9B%E6%B1%87%E5%88%91%E5%B8%BD&fr=ibaidu&ie=utf-8 HTTP/1.1" 302 None
2016-05-11 18:55:22 INFO Starting new HTTP connection (1): tieba.baidu.com
2016-05-11 18:55:22 INFO Starting new HTTP connection (1): tieba.baidu.com
2016-05-11 18:55:22 INFO Starting new HTTP connection (1): static.tieba.baidu.com
2016-05-11 18:55:22 DEBUG "GET /home/main?un=%E9%88%BE%E6%B1%ABalaxy&fr=ibaidu&ie=utf-8 HTTP/1.1" 200 None
2016-05-11 18:55:22 DEBUG "GET /tb/error.html?ErrType=1 HTTP/1.1" 200 None
2016-05-11 18:55:22 DEBUG "GET /home/main?un=%E4%B8%B4%E6%B8%85521%E5%85%AB%E5%AE%9D%E7%B2%A5&fr=ibaidu&ie=utf-8 HTTP/1.1" 200 None
2016-05-11 18:55:22 DEBUG "GET /home/main?un=%E8%8B%8F%E5%B0%8F%E6%88%8A&fr=ibaidu&ie=utf-8 HTTP/1.1" 200 None
2016-05-11 18:55:22 INFO 开始分析:http://tieba.baidu.com/home/main?un=梅纷飞惟翼思泪&fr=ibaidu&ie=utf-8
2016-05-11 18:55:22 INFO Starting new HTTP connection (1): tieba.baidu.com
2016-05-11 18:55:23 DEBUG "GET /home/main?un=%E6%A2%85%E7%BA%B7%E9%A3%9E%E6%83%9F%E7%BF%BC%E6%80%9D%E6%B3%AA&fr=ibaidu&ie=utf-8 HTTP/1.1" 200 None
2016-05-11 18:55:23 INFO 开始分析:http://tieba.baidu.com/home/main?un=24那一抹紫&fr=ibaidu&ie=utf-8
2016-05-11 18:55:23 INFO 开始分析:http://tieba.baidu.com/home/main?un=先南阳做假证&fr=ibaidu&ie=utf-8
2016-05-11 18:55:23 INFO Starting new HTTP connection (1): tieba.baidu.com
2016-05-11 18:55:23 INFO Starting new HTTP connection (1): tieba.baidu.com
2016-05-11 18:55:23 INFO 开始分析:http://tieba.baidu.com/home/main?un=凹凸曼筅森&fr=ibaidu&ie=utf-8
2016-05-11 18:55:23 INFO 开始分析:http://tieba.baidu.com/home/main?un=ulanus&fr=ibaidu&ie=utf-8
2016-05-11 18:55:23 INFO Starting new HTTP connection (1): tieba.baidu.com
2016-05-11 18:55:23 INFO Starting new HTTP connection (1): tieba.baidu.com
2016-05-11 18:55:23 DEBUG "GET /home/main?un=24%E9%82%A3%E4%B8%80%E6%8A%B9%E7%B4%AB&fr=ibaidu&ie=utf-8 HTTP/1.1" 200 None
2016-05-11 18:55:23 DEBUG "GET /home/main?un=%E5%85%88%E5%8D%97%E9%98%B3%E5%81%9A%E5%81%87%E8%AF%81&fr=ibaidu&ie=utf-8 HTTP/1.1" 200 None
2016-05-11 18:55:23 INFO 开始分析:http://tieba.baidu.com/home/main?un=乐十二2012&fr=ibaidu&ie=utf-8
2016-05-11 18:55:23 INFO 开始分析:http://tieba.baidu.com/home/main?un=青春一抹亮色&fr=ibaidu&ie=utf-8
2016-05-11 18:55:23 INFO Starting new HTTP connection (1): tieba.baidu.com
2016-05-11 18:55:23 INFO Starting new HTTP connection (1): tieba.baidu.com
2016-05-11 18:55:23 DEBUG "GET /home/main?un=%E5%87%B9%E5%87%B8%E6%9B%BC%E7%AD%85%E6%A3%AE&fr=ibaidu&ie=utf-8 HTTP/1.1" 200 None
2016-05-11 18:55:23 DEBUG "GET /home/main?un=ulanus&fr=ibaidu&ie=utf-8 HTTP/1.1" 200 None
2016-05-11 18:55:24 INFO 开始分析:http://tieba.baidu.com/home/main?un=对岩毓榷卑未谫&fr=ibaidu&ie=utf-8
2016-05-11 18:55:24 INFO 开始分析:http://tieba.baidu.com/home/main?un=`J如城&fr=ibaidu&ie=utf-8
2016-05-11 18:55:24 INFO Starting new HTTP connection (1): tieba.baidu.com
2016-05-11 18:55:24 DEBUG "GET /home/main?un=%E4%B9%90%E5%8D%81%E4%BA%8C2012&fr=ibaidu&ie=utf-8 HTTP/1.1" 200 None
2016-05-11 18:55:24 INFO Starting new HTTP connection (1): tieba.baidu.com
2016-05-11 18:55:24 DEBUG "GET /home/main?un=%E9%9D%92%E6%98%A5%E4%B8%80%E6%8A%B9%E4%BA%AE%E8%89%B2&fr=ibaidu&ie=utf-8 HTTP/1.1" 200 None
2016-05-11 18:55:24 INFO 开始分析:http://tieba.baidu.com/home/main?un=zf3ja5&fr=ibaidu&ie=utf-8
2016-05-11 18:55:24 INFO 开始分析:http://tieba.baidu.com/home/main?un=冥王哈迪斯1314&fr=ibaidu&ie=utf-8
2016-05-11 18:55:24 DEBUG "GET /home/main?un=%E7%B9%BE%E7%B6%A3%E5%A6%82%E5%9F%8E&fr=ibaidu&ie=utf-8 HTTP/1.1" 302 None
2016-05-11 18:55:24 INFO Starting new HTTP connection (1): tieba.baidu.com
2016-05-11 18:55:24 INFO Starting new HTTP connection (1): tieba.baidu.com
2016-05-11 18:55:24 INFO Starting new HTTP connection (1): static.tieba.baidu.com
2016-05-11 18:55:24 INFO 开始分析:http://tieba.baidu.com/home/main?un=无聊name宇&fr=ibaidu&ie=utf-8
2016-05-11 18:55:24 INFO 开始分析:http://tieba.baidu.com/home/main?un=8区大神INd&fr=ibaidu&ie=utf-8
2016-05-11 18:55:24 DEBUG "GET /home/main?un=%E5%AF%B9%E5%B2%A9%E6%AF%93%E6%A6%B7%E5%8D%91%E6%9C%AA%E8%B0%AB&fr=ibaidu&ie=utf-8 HTTP/1.1" 200 None
2016-05-11 18:55:24 INFO Starting new HTTP connection (1): tieba.baidu.com
2016-05-11 18:55:24 DEBUG "GET /tb/error.html?ErrType=1 HTTP/1.1" 200 None
2016-05-11 18:55:24 INFO Starting new HTTP connection (1): tieba.baidu.com
2016-05-11 18:55:24 DEBUG "GET /home/main?un=zf3ja5&fr=ibaidu&ie=utf-8 HTTP/1.1" 200 None
2016-05-11 18:55:25 DEBUG "GET /home/main?un=%E5%86%A5%E7%8E%8B%E5%93%88%E8%BF%AA%E6%96%AF1314&fr=ibaidu&ie=utf-8 HTTP/1.1" 200 None
2016-05-11 18:55:25 INFO 开始分析:http://tieba.baidu.com/home/main?un=yamateh9173反&fr=ibaidu&ie=utf-8
2016-05-11 18:55:25 INFO 开始分析:http://tieba.baidu.com/home/main?un=一末6&fr=ibaidu&ie=utf-8
2016-05-11 18:55:25 INFO Starting new HTTP connection (1): tieba.baidu.com
2016-05-11 18:55:25 INFO Starting new HTTP connection (1): tieba.baidu.com
2016-05-11 18:55:25 DEBUG "GET /home/main?un=yamateh9173%E5%8F%8D&fr=ibaidu&ie=utf-8 HTTP/1.1" 200 None
2016-05-11 18:55:25 INFO 开始分析:http://tieba.baidu.com/home/main?un=臭小子r别太拽&fr=ibaidu&ie=utf-8
2016-05-11 18:55:25 DEBUG "GET /home/main?un=%E4%B8%80%E6%9C%AB6&fr=ibaidu&ie=utf-8 HTTP/1.1" 200 None
2016-05-11 18:55:25 INFO 开始分析:http://tieba.baidu.com/home/main?un=鬼龙亡&fr=ibaidu&ie=utf-8
2016-05-11 18:55:25 INFO Starting new HTTP connection (1): tieba.baidu.com
2016-05-11 18:55:25 INFO Starting new HTTP connection (1): tieba.baidu.com
2016-05-11 18:55:25 DEBUG "GET /home/main?un=8%E5%8C%BA%E5%A4%A7%E7%A5%9EINd&fr=ibaidu&ie=utf-8 HTTP/1.1" 200 None
2016-05-11 18:55:25 INFO 开始分析:http://tieba.baidu.com/home/main?un=Paly水瓶&fr=ibaidu&ie=utf-8
2016-05-11 18:55:25 INFO 开始分析:http://tieba.baidu.com/home/main?un=小晓帆&fr=ibaidu&ie=utf-8
2016-05-11 18:55:25 INFO Starting new HTTP connection (1): tieba.baidu.com
2016-05-11 18:55:25 INFO Starting new HTTP connection (1): tieba.baidu.com
2016-05-11 18:55:25 DEBUG "GET /home/main?un=%E9%AC%BC%E9%BE%99%E4%BA%A1&fr=ibaidu&ie=utf-8 HTTP/1.1" 200 None
2016-05-11 18:55:26 INFO 开始分析:http://tieba.baidu.com/home/main?un=爱苏苏一爱小柯&fr=ibaidu&ie=utf-8
2016-05-11 18:55:26 INFO 开始分析:http://tieba.baidu.com/home/main?un=Yz_Forever宇&fr=ibaidu&ie=utf-8
2016-05-11 18:55:26 INFO Starting new HTTP connection (1): tieba.baidu.com
2016-05-11 18:55:26 INFO 开始分析:http://tieba.baidu.com/home/main?un=霸气无双2015跋&fr=ibaidu&ie=utf-8
2016-05-11 18:55:26 INFO Starting new HTTP connection (1): tieba.baidu.com
2016-05-11 18:55:26 INFO Starting new HTTP connection (1): tieba.baidu.com
2016-05-11 18:55:26 DEBUG "GET /home/main?un=%E8%87%AD%E5%B0%8F%E5%AD%90%E2%95%AE%E5%88%AB%E5%A4%AA%E6%8B%BD&fr=ibaidu&ie=utf-8 HTTP/1.1" 200 None
2016-05-11 18:55:26 DEBUG "GET /home/main?un=%E5%B0%8F%E6%99%93%E5%B8%86&fr=ibaidu&ie=utf-8 HTTP/1.1" 200 None
2016-05-11 18:55:26 DEBUG "GET /home/main?un=Paly%E6%B0%B4%E7%93%B6&fr=ibaidu&ie=utf-8 HTTP/1.1" 200 None
2016-05-11 18:55:26 INFO 开始分析:http://tieba.baidu.com/home/main?un=视频网h_us_st&fr=ibaidu&ie=utf-8
2016-05-11 18:55:26 INFO 开始分析:http://tieba.baidu.com/home/main?un=脑袋木木year&fr=ibaidu&ie=utf-8
2016-05-11 18:55:26 INFO Starting new HTTP connection (1): tieba.baidu.com
2016-05-11 18:55:26 INFO Starting new HTTP connection (1): tieba.baidu.com
2016-05-11 18:55:26 DEBUG "GET /home/main?un=%E9%9C%B8%E6%B0%94%E6%97%A0%E5%8F%8C2015%E8%B7%8B&fr=ibaidu&ie=utf-8 HTTP/1.1" 200 None
2016-05-11 18:55:26 DEBUG "GET /home/main?un=%E8%A7%86%E9%A2%91%E7%BD%91h_us_st&fr=ibaidu&ie=utf-8 HTTP/1.1" 200 None
2016-05-11 18:55:26 INFO 开始分析:http://tieba.baidu.com/home/main?un=吴晓东789敝&fr=ibaidu&ie=utf-8
2016-05-11 18:55:26 INFO 开始分析:http://tieba.baidu.com/home/main?un=悲殇落幕you&fr=ibaidu&ie=utf-8
2016-05-11 18:55:26 DEBUG "GET /home/main?un=%E7%88%B1%E8%8B%8F%E8%8B%8F%E4%B8%80%E7%88%B1%E5%B0%8F%E6%9F%AF&fr=ibaidu&ie=utf-8 HTTP/1.1" 200 None
2016-05-11 18:55:26 INFO Starting new HTTP connection (1): tieba.baidu.com
2016-05-11 18:55:26 INFO Starting new HTTP connection (1): tieba.baidu.com
2016-05-11 18:55:26 DEBUG "GET /home/main?un=Yz_Forever%E5%AE%87&fr=ibaidu&ie=utf-8 HTTP/1.1" 200 None
2016-05-11 18:55:27 DEBUG "GET /home/main?un=%E8%84%91%E8%A2%8B%E6%9C%A8%E6%9C%A8year&fr=ibaidu&ie=utf-8 HTTP/1.1" 200 None
2016-05-11 18:55:27 DEBUG "GET /home/main?un=%E5%90%B4%E6%99%93%E4%B8%9C789%E6%95%9D&fr=ibaidu&ie=utf-8 HTTP/1.1" 302 None
2016-05-11 18:55:27 INFO 开始分析:http://tieba.baidu.com/home/main?un=名字用钱改的&fr=ibaidu&ie=utf-8
2016-05-11 18:55:27 INFO 开始分析:http://tieba.baidu.com/home/main?un=当午锄禾日日日&fr=ibaidu&ie=utf-8
2016-05-11 18:55:27 DEBUG "GET /home/main?un=%E6%82%B2%E6%AE%87%E8%90%BD%E5%B9%95you&fr=ibaidu&ie=utf-8 HTTP/1.1" 200 None
2016-05-11 18:55:27 INFO Starting new HTTP connection (1): tieba.baidu.com
2016-05-11 18:55:27 INFO Starting new HTTP connection (1): static.tieba.baidu.com
2016-05-11 18:55:27 INFO Starting new HTTP connection (1): tieba.baidu.com
2016-05-11 18:55:27 INFO 开始分析:http://tieba.baidu.com/home/main?un=筌笔&fr=ibaidu&ie=utf-8
2016-05-11 18:55:27 INFO 开始分析:http://tieba.baidu.com/home/main?un=ywqoaeyy268&fr=ibaidu&ie=utf-8
2016-05-11 18:55:27 INFO Starting new HTTP connection (1): tieba.baidu.com
2016-05-11 18:55:27 INFO Starting new HTTP connection (1): tieba.baidu.com
2016-05-11 18:55:27 INFO 开始分析:http://tieba.baidu.com/home/main?un=zechboy1990眯&fr=ibaidu&ie=utf-8
2016-05-11 18:55:27 INFO 开始分析:http://tieba.baidu.com/home/main?un=小小的分针&fr=ibaidu&ie=utf-8
2016-05-11 18:55:27 INFO Starting new HTTP connection (1): tieba.baidu.com
2016-05-11 18:55:27 INFO Starting new HTTP connection (1): tieba.baidu.com
2016-05-11 18:55:27 DEBUG "GET /home/main?un=%E5%BD%93%E5%8D%88%E9%94%84%E7%A6%BE%E6%97%A5%E6%97%A5%E6%97%A5&fr=ibaidu&ie=utf-8 HTTP/1.1" 200 None
2016-05-11 18:55:27 DEBUG "GET /home/main?un=%E7%AD%8C%E7%AC%94&fr=ibaidu&ie=utf-8 HTTP/1.1" 200 None
2016-05-11 18:55:27 DEBUG "GET /home/main?un=ywqoaeyy268&fr=ibaidu&ie=utf-8 HTTP/1.1" 200 None
2016-05-11 18:55:28 INFO 开始分析:http://tieba.baidu.com/home/main?un=qzonguzhan96&fr=ibaidu&ie=utf-8
2016-05-11 18:55:28 INFO 开始分析:http://tieba.baidu.com/home/main?un=h143213821&fr=ibaidu&ie=utf-8
2016-05-11 18:55:28 DEBUG "GET /home/main?un=%E5%90%8D%E5%AD%97%E7%94%A8%E9%92%B1%E6%94%B9%E7%9A%84&fr=ibaidu&ie=utf-8 HTTP/1.1" 200 None
2016-05-11 18:55:28 INFO Starting new HTTP connection (1): tieba.baidu.com
2016-05-11 18:55:28 DEBUG "GET /home/main?un=%E5%B0%8F%E5%B0%8F%E7%9A%84%E5%88%86%E9%92%88&fr=ibaidu&ie=utf-8 HTTP/1.1" 200 None
2016-05-11 18:55:28 INFO Starting new HTTP connection (1): tieba.baidu.com
2016-05-11 18:55:28 DEBUG "GET /home/main?un=%E6%97%A0%E8%81%8Aname%E5%AE%87&fr=ibaidu&ie=utf-8 HTTP/1.1" 200 None
2016-05-11 18:55:28 INFO 开始分析:http://tieba.baidu.com/home/main?un=月影留葱&fr=ibaidu&ie=utf-8
2016-05-11 18:55:28 INFO 开始分析:http://tieba.baidu.com/home/main?un=a66585976&fr=ibaidu&ie=utf-8
2016-05-11 18:55:28 INFO Starting new HTTP connection (1): tieba.baidu.com
2016-05-11 18:55:28 DEBUG "GET /home/main?un=zechboy1990%E7%9C%AF&fr=ibaidu&ie=utf-8 HTTP/1.1" 200 None
2016-05-11 18:55:28 INFO Starting new HTTP connection (1): tieba.baidu.com
2016-05-11 18:55:28 DEBUG "GET /home/main?un=a66585976&fr=ibaidu&ie=utf-8 HTTP/1.1" 302 None
2016-05-11 18:55:28 DEBUG "GET /home/main?un=qzonguzhan96&fr=ibaidu&ie=utf-8 HTTP/1.1" 200 None
2016-05-11 18:55:28 INFO 开始分析:http://tieba.baidu.com/home/main?un=niusend2352&fr=ibaidu&ie=utf-8
2016-05-11 18:55:28 INFO 开始分析:http://tieba.baidu.com/home/main?un=野玫瑰毒香香&fr=ibaidu&ie=utf-8
2016-05-11 18:55:28 INFO Starting new HTTP connection (1): tieba.baidu.com
2016-05-11 18:55:28 INFO Starting new HTTP connection (1): tieba.baidu.com
2016-05-11 18:55:29 INFO Starting new HTTP connection (1): static.tieba.baidu.com
2016-05-11 18:55:29 DEBUG "GET /tb/error.html?ErrType=1 HTTP/1.1" 200 None
2016-05-11 18:55:29 DEBUG "GET /home/main?un=%E6%9C%88%E5%BD%B1%E7%95%99%E8%91%B1&fr=ibaidu&ie=utf-8 HTTP/1.1" 200 None
2016-05-11 18:55:29 DEBUG "GET /home/main?un=h143213821&fr=ibaidu&ie=utf-8 HTTP/1.1" 200 None
2016-05-11 18:55:29 DEBUG "GET /home/main?un=niusend2352&fr=ibaidu&ie=utf-8 HTTP/1.1" 302 None
2016-05-11 18:55:29 INFO 开始分析:http://tieba.baidu.com/home/main?un=磊家小二&fr=ibaidu&ie=utf-8
2016-05-11 18:55:29 INFO 开始分析:http://tieba.baidu.com/home/main?un=diana芬理希梦&fr=ibaidu&ie=utf-8
2016-05-11 18:55:29 INFO Starting new HTTP connection (1): static.tieba.baidu.com
2016-05-11 18:55:29 INFO Starting new HTTP connection (1): tieba.baidu.com
2016-05-11 18:55:29 INFO Starting new HTTP connection (1): tieba.baidu.com
2016-05-11 18:55:29 DEBUG "GET /tb/error.html?ErrType=1 HTTP/1.1" 200 None
2016-05-11 18:55:29 INFO 开始分析:http://tieba.baidu.com/home/main?un=心中不舍丶&fr=ibaidu&ie=utf-8
2016-05-11 18:55:29 INFO 开始分析:http://tieba.baidu.com/home/main?un=棠兮沐&fr=ibaidu&ie=utf-8
2016-05-11 18:55:29 INFO Starting new HTTP connection (1): tieba.baidu.com
2016-05-11 18:55:29 INFO Starting new HTTP connection (1): tieba.baidu.com
2016-05-11 18:55:29 DEBUG "GET /home/main?un=%E9%87%8E%E7%8E%AB%E7%91%B0%E6%AF%92%E9%A6%99%E9%A6%99&fr=ibaidu&ie=utf-8 HTTP/1.1" 200 None
2016-05-11 18:55:29 INFO 开始分析:http://tieba.baidu.com/home/main?un=我叫青花瓷啊&fr=ibaidu&ie=utf-8
2016-05-11 18:55:29 INFO 开始分析:http://tieba.baidu.com/home/main?un=wangannan9&fr=ibaidu&ie=utf-8
2016-05-11 18:55:29 DEBUG "GET /home/main?un=%E7%A3%8A%E5%AE%B6%E5%B0%8F%E4%BA%8C&fr=ibaidu&ie=utf-8 HTTP/1.1" 200 None
2016-05-11 18:55:29 INFO Starting new HTTP connection (1): tieba.baidu.com
2016-05-11 18:55:29 DEBUG "GET /home/main?un=%E5%BF%83%E4%B8%AD%E4%B8%8D%E8%88%8D%E4%B8%B6&fr=ibaidu&ie=utf-8 HTTP/1.1" 200 None
2016-05-11 18:55:29 DEBUG "GET /home/main?un=diana%E8%8A%AC%E7%90%86%E5%B8%8C%E6%A2%A6&fr=ibaidu&ie=utf-8 HTTP/1.1" 200 None
2016-05-11 18:55:29 INFO 开始分析:http://tieba.baidu.com/home/main?un=就下个东西fr暮&fr=ibaidu&ie=utf-8
2016-05-11 18:55:29 INFO Starting new HTTP connection (1): tieba.baidu.com
2016-05-11 18:55:29 INFO 开始分析:http://tieba.baidu.com/home/main?un=/home/main?un=yangbo3721&fr=home&fr=ibaidu&ie=utf-8
2016-05-11 18:55:29 INFO Starting new HTTP connection (1): tieba.baidu.com
2016-05-11 18:55:29 INFO Starting new HTTP connection (1): tieba.baidu.com
2016-05-11 18:55:29 DEBUG "GET /home/main?un=wangannan9&fr=ibaidu&ie=utf-8 HTTP/1.1" 302 None
2016-05-11 18:55:30 DEBUG "GET /home/main?un=/home/main?un=yangbo3721&fr=home&fr=ibaidu&ie=utf-8 HTTP/1.1" 302 None
2016-05-11 18:55:30 INFO Starting new HTTP connection (1): static.tieba.baidu.com
2016-05-11 18:55:30 INFO Starting new HTTP connection (1): static.tieba.baidu.com
2016-05-11 18:55:30 DEBUG "GET /home/main?un=%E6%88%91%E5%8F%AB%E9%9D%92%E8%8A%B1%E7%93%B7%E5%95%8A&fr=ibaidu&ie=utf-8 HTTP/1.1" 200 None
2016-05-11 18:55:30 DEBUG "GET /home/main?un=%E5%B0%B1%E4%B8%8B%E4%B8%AA%E4%B8%9C%E8%A5%BFfr%E6%9A%AE&fr=ibaidu&ie=utf-8 HTTP/1.1" 200 None
2016-05-11 18:55:30 DEBUG "GET /tb/error.html?ErrType=1 HTTP/1.1" 200 None
2016-05-11 18:55:30 DEBUG "GET /home/main?un=%E6%A3%A0%E5%85%AE%E6%B2%90&fr=ibaidu&ie=utf-8 HTTP/1.1" 200 None
2016-05-11 18:55:30 DEBUG "GET /tb/error.html?ErrType=1 HTTP/1.1" 200 None
2016-05-11 18:55:30 INFO 开始分析:http://tieba.baidu.com/home/main?un=檬然丶心动&fr=ibaidu&ie=utf-8
2016-05-11 18:55:30 INFO 开始分析:http://tieba.baidu.com/home/main?un=sky勋鹿521&fr=ibaidu&ie=utf-8
2016-05-11 18:55:30 INFO Starting new HTTP connection (1): tieba.baidu.com
2016-05-11 18:55:30 INFO Starting new HTTP connection (1): tieba.baidu.com
2016-05-11 18:55:30 DEBUG "GET /tb/error.html?ErrType=1 HTTP/1.1" 200 None
2016-05-11 18:55:30 INFO 开始分析:http://tieba.baidu.com/home/main?un=冠希_王&fr=ibaidu&ie=utf-8
2016-05-11 18:55:30 INFO 开始分析:http://tieba.baidu.com/home/main?un=hjieom306&fr=ibaidu&ie=utf-8
2016-05-11 18:55:30 INFO Starting new HTTP connection (1): tieba.baidu.com
2016-05-11 18:55:30 INFO Starting new HTTP connection (1): tieba.baidu.com
2016-05-11 18:55:31 DEBUG "GET /home/main?un=sky%E5%8B%8B%E9%B9%BF521&fr=ibaidu&ie=utf-8 HTTP/1.1" 200 None
2016-05-11 18:55:31 DEBUG "GET /home/main?un=%E6%AA%AC%E7%84%B6%E4%B8%B6%E5%BF%83%E5%8A%A8&fr=ibaidu&ie=utf-8 HTTP/1.1" 200 None
2016-05-11 18:55:31 DEBUG "GET /home/main?un=%E5%86%A0%E5%B8%8C_%E7%8E%8B&fr=ibaidu&ie=utf-8 HTTP/1.1" 200 None
2016-05-11 18:55:31 INFO 开始分析:http://tieba.baidu.com/home/main?un=嘛燔凉粉&fr=ibaidu&ie=utf-8
2016-05-11 18:55:31 INFO 开始分析:http://tieba.baidu.com/home/main?un=野口德奏&fr=ibaidu&ie=utf-8
2016-05-11 18:55:31 INFO Starting new HTTP connection (1): tieba.baidu.com
2016-05-11 18:55:31 INFO Starting new HTTP connection (1): tieba.baidu.com
2016-05-11 18:55:31 DEBUG "GET /home/main?un=hjieom306&fr=ibaidu&ie=utf-8 HTTP/1.1" 200 None
2016-05-11 18:55:31 DEBUG "GET /home/main?un=%E9%87%8E%E5%8F%A3%E5%BE%B7%E5%A5%8F&fr=ibaidu&ie=utf-8 HTTP/1.1" 302 None
2016-05-11 18:55:31 INFO 开始分析:http://tieba.baidu.com/home/main?un=半晴半雨free&fr=ibaidu&ie=utf-8
2016-05-11 18:55:31 INFO 开始分析:http://tieba.baidu.com/home/main?un=胡波_胡波猛&fr=ibaidu&ie=utf-8
2016-05-11 18:55:31 INFO Starting new HTTP connection (1): tieba.baidu.com
2016-05-11 18:55:31 INFO Starting new HTTP connection (1): tieba.baidu.com
2016-05-11 18:55:31 INFO Starting new HTTP connection (1): static.tieba.baidu.com
2016-05-11 18:55:31 DEBUG "GET /tb/error.html?ErrType=1 HTTP/1.1" 200 None
2016-05-11 18:55:31 INFO 开始分析:http://tieba.baidu.com/home/main?un=海阔天空元&fr=ibaidu&ie=utf-8
2016-05-11 18:55:31 INFO 开始分析:http://tieba.baidu.com/home/main?un=直播长&fr=ibaidu&ie=utf-8
2016-05-11 18:55:31 INFO Starting new HTTP connection (1): tieba.baidu.com
2016-05-11 18:55:31 INFO Starting new HTTP connection (1): tieba.baidu.com
2016-05-11 18:55:32 DEBUG "GET /home/main?un=%E8%83%A1%E6%B3%A2_%E8%83%A1%E6%B3%A2%E7%8C%9B&fr=ibaidu&ie=utf-8 HTTP/1.1" 200 None
2016-05-11 18:55:32 INFO 开始分析:http://tieba.baidu.com/home/main?un=诗一般的梦想&fr=ibaidu&ie=utf-8
2016-05-11 18:55:32 INFO 开始分析:http://tieba.baidu.com/home/main?un=我们曾漫步云端&fr=ibaidu&ie=utf-8
2016-05-11 18:55:32 INFO Starting new HTTP connection (1): tieba.baidu.com
2016-05-11 18:55:32 DEBUG "GET /home/main?un=%E5%8D%8A%E6%99%B4%E5%8D%8A%E9%9B%A8free&fr=ibaidu&ie=utf-8 HTTP/1.1" 200 None
2016-05-11 18:55:32 DEBUG "GET /home/main?un=%E5%98%9B%E7%87%94%E5%87%89%E7%B2%89&fr=ibaidu&ie=utf-8 HTTP/1.1" 200 None
2016-05-11 18:55:32 INFO Starting new HTTP connection (1): tieba.baidu.com
2016-05-11 18:55:32 INFO 开始分析:http://tieba.baidu.com/home/main?un=傻袍子辣辣&fr=ibaidu&ie=utf-8
2016-05-11 18:55:32 INFO 开始分析:http://tieba.baidu.com/home/main?un=skylevi利威尔&fr=ibaidu&ie=utf-8
2016-05-11 18:55:32 INFO Starting new HTTP connection (1): tieba.baidu.com
2016-05-11 18:55:32 INFO Starting new HTTP connection (1): tieba.baidu.com
2016-05-11 18:55:32 DEBUG "GET /home/main?un=%E6%B5%B7%E9%98%94%E5%A4%A9%E7%A9%BA%E5%85%83&fr=ibaidu&ie=utf-8 HTTP/1.1" 200 None
2016-05-11 18:55:32 DEBUG "GET /home/main?un=%E8%AF%97%E4%B8%80%E8%88%AC%E7%9A%84%E6%A2%A6%E6%83%B3&fr=ibaidu&ie=utf-8 HTTP/1.1" 200 None
2016-05-11 18:55:32 DEBUG "GET /home/main?un=%E7%9B%B4%E6%92%AD%E9%95%BF&fr=ibaidu&ie=utf-8 HTTP/1.1" 200 None
2016-05-11 18:55:32 DEBUG "GET /home/main?un=%E6%88%91%E4%BB%AC%E6%9B%BE%E6%BC%AB%E6%AD%A5%E4%BA%91%E7%AB%AF&fr=ibaidu&ie=utf-8 HTTP/1.1" 200 None
2016-05-11 18:55:32 INFO 开始分析:http://tieba.baidu.com/home/main?un=豌豆先生td&fr=ibaidu&ie=utf-8
2016-05-11 18:55:32 INFO 开始分析:http://tieba.baidu.com/home/main?un=shaigjia9240&fr=ibaidu&ie=utf-8
2016-05-11 18:55:32 INFO Starting new HTTP connection (1): tieba.baidu.com
2016-05-11 18:55:32 INFO Starting new HTTP connection (1): tieba.baidu.com
2016-05-11 18:55:32 DEBUG "GET /home/main?un=skylevi%E5%88%A9%E5%A8%81%E5%B0%94&fr=ibaidu&ie=utf-8 HTTP/1.1" 200 None
2016-05-11 18:55:33 INFO 开始分析:http://tieba.baidu.com/home/main?un=明天会更好3259&fr=ibaidu&ie=utf-8
2016-05-11 18:55:33 INFO 开始分析:http://tieba.baidu.com/home/main?un=453687804痛&fr=ibaidu&ie=utf-8
2016-05-11 18:55:33 DEBUG "GET /home/main?un=%E5%82%BB%E8%A2%8D%E5%AD%90%E8%BE%A3%E8%BE%A3&fr=ibaidu&ie=utf-8 HTTP/1.1" 200 None
2016-05-11 18:55:33 INFO Starting new HTTP connection (1): tieba.baidu.com
2016-05-11 18:55:33 DEBUG "GET /home/main?un=%E8%B1%8C%E8%B1%86%E5%85%88%E7%94%9Ftd&fr=ibaidu&ie=utf-8 HTTP/1.1" 200 None
2016-05-11 18:55:33 DEBUG "GET /home/main?un=shaigjia9240&fr=ibaidu&ie=utf-8 HTTP/1.1" 200 None
2016-05-11 18:55:33 INFO Starting new HTTP connection (1): tieba.baidu.com
2016-05-11 18:55:33 INFO 开始分析:http://tieba.baidu.com/home/main?un=丿花满楼灬光光&fr=ibaidu&ie=utf-8
2016-05-11 18:55:33 INFO 开始分析:http://tieba.baidu.com/home/main?un=烛光下的_约定&fr=ibaidu&ie=utf-8
2016-05-11 18:55:33 INFO Starting new HTTP connection (1): tieba.baidu.com
2016-05-11 18:55:33 INFO Starting new HTTP connection (1): tieba.baidu.com
2016-05-11 18:55:33 INFO 开始分析:http://tieba.baidu.com/home/main?un=人若n井空似水&fr=ibaidu&ie=utf-8
2016-05-11 18:55:33 INFO Starting new HTTP connection (1): tieba.baidu.com
2016-05-11 18:55:33 INFO 开始分析:http://tieba.baidu.com/home/main?un=顾忘溪&fr=ibaidu&ie=utf-8
2016-05-11 18:55:33 INFO Starting new HTTP connection (1): tieba.baidu.com
2016-05-11 18:55:33 DEBUG "GET /home/main?un=%E4%B8%BF%E8%8A%B1%E6%BB%A1%E6%A5%BC%E7%81%AC%E5%85%89%E5%85%89&fr=ibaidu&ie=utf-8 HTTP/1.1" 200 None
