2016-05-11 19:53:32 INFO --------回收Scaned--------:0
2016-05-11 19:53:33 ERROR 创建表失败:<class '_mysql_exceptions.OperationalError'>(1050, "Table 'user' already exists")
2016-05-11 19:53:33 INFO 开始分析:http://tieba.baidu.com/home/main?un=1OOO赞&fr=ibaidu&ie=utf-8
2016-05-11 19:53:33 INFO Starting new HTTP connection (1): tieba.baidu.com
2016-05-11 19:53:34 DEBUG "GET /home/main?un=1OOO%E8%B5%9E&fr=ibaidu&ie=utf-8 HTTP/1.1" 200 None
2016-05-11 19:53:34 INFO start threadjt6dp7
2016-05-11 19:53:34 INFO start thread画扇y悲风鸭
2016-05-11 19:53:34 INFO start threadyamateh9173反
2016-05-11 19:53:34 INFO start threadzechboy1990眯
2016-05-11 19:53:34 INFO start thread逝去变成记忆
2016-05-11 19:53:34 INFO start threadyearkimking5
2016-05-11 19:53:34 INFO start thread苏小戊
2016-05-11 19:53:34 INFO start threadephiroths
2016-05-11 19:53:34 INFO 分析URL结束:http://tieba.baidu.com/home/main?un=1OOO赞&fr=ibaidu&ie=utf-8
2016-05-11 19:53:34 INFO ---存储数据---
2016-05-11 19:53:34 ERROR 存储用户信息失败:<class '_mysql_exceptions.IntegrityError'>(1062, "Duplicate entry '1OOO赞' for key 'PRIMARY'")
2016-05-11 19:53:34 ERROR 存储论坛信息失败<class '_mysql_exceptions.IntegrityError'>(1062, "Duplicate entry '1OOO赞-江西财经大学' for key 'PRIMARY'")
2016-05-11 19:53:34 ERROR 存储粉丝信息失败<class '_mysql_exceptions.IntegrityError'>(1062, "Duplicate entry '1OOO赞-jt6dp7' for key 'PRIMARY'")
2016-05-11 19:53:34 ERROR 存储关注信息失败<class '_mysql_exceptions.IntegrityError'>(1062, "Duplicate entry '1OOO赞-丿花满楼灬光光' for key 'PRIMARY'")
2016-05-11 19:53:34 INFO 开始分析:http://tieba.baidu.com/home/main?un=丿花满楼灬光光&fr=ibaidu&ie=utf-8
2016-05-11 19:53:34 INFO Starting new HTTP connection (1): tieba.baidu.com
2016-05-11 19:53:35 DEBUG "GET /home/main?un=%E4%B8%BF%E8%8A%B1%E6%BB%A1%E6%A5%BC%E7%81%AC%E5%85%89%E5%85%89&fr=ibaidu&ie=utf-8 HTTP/1.1" 200 None
2016-05-11 19:53:35 INFO start thread耗耗耗子爱猫刭
2016-05-11 19:53:35 INFO start thread张成成天蝎忠
2016-05-11 19:53:35 INFO start thread嘘啊哎呀哟薪
2016-05-11 19:53:35 INFO start thread有滩蛋位谒僭鬃
2016-05-11 19:53:35 INFO start threadKUROKYSSS乒
2016-05-11 19:53:35 INFO start thread1OOO赞
2016-05-11 19:53:35 INFO start thread看讲我阜头让像
2016-05-11 19:53:35 INFO start thread壹咣贰獍
2016-05-11 19:53:35 INFO 分析URL结束:http://tieba.baidu.com/home/main?un=丿花满楼灬光光&fr=ibaidu&ie=utf-8
2016-05-11 19:53:35 INFO ---存储数据---
2016-05-11 19:53:35 ERROR 存储用户信息失败:<class '_mysql_exceptions.IntegrityError'>(1062, "Duplicate entry '丿花满楼灬光光' for key 'PRIMARY'")
2016-05-11 19:53:35 ERROR 存储论坛信息失败<class '_mysql_exceptions.IntegrityError'>(1062, "Duplicate entry '丿花满楼灬光光-李毅' for key 'PRIMARY'")
2016-05-11 19:53:35 ERROR 存储粉丝信息失败<class '_mysql_exceptions.IntegrityError'>(1062, "Duplicate entry '丿花满楼灬光光-耗耗耗子爱猫刭' for key 'PRIMARY'")
2016-05-11 19:53:35 ERROR 存储关注信息失败<class '_mysql_exceptions.IntegrityError'>(1062, "Duplicate entry '丿花满楼灬光光-狂妄PartyTime' for key 'PRIMARY'")
2016-05-11 19:53:35 INFO 开始分析:http://tieba.baidu.com/home/main?un=逝去变成记忆&fr=ibaidu&ie=utf-8
2016-05-11 19:53:35 INFO 开始分析:http://tieba.baidu.com/home/main?un=有滩蛋位谒僭鬃&fr=ibaidu&ie=utf-8
2016-05-11 19:53:35 INFO Starting new HTTP connection (1): tieba.baidu.com
2016-05-11 19:53:35 INFO Starting new HTTP connection (1): tieba.baidu.com
2016-05-11 19:53:36 DEBUG "GET /home/main?un=%E9%80%9D%E5%8E%BB%E5%8F%98%E6%88%90%E8%AE%B0%E5%BF%86&fr=ibaidu&ie=utf-8 HTTP/1.1" 200 None
2016-05-11 19:53:36 DEBUG "GET /home/main?un=%E6%9C%89%E6%BB%A9%E8%9B%8B%E4%BD%8D%E8%B0%92%E5%83%AD%E9%AC%83&fr=ibaidu&ie=utf-8 HTTP/1.1" 200 None
2016-05-11 19:53:37 INFO start threadsz8ku5
2016-05-11 19:53:37 INFO start threaduw9ov0
2016-05-11 19:53:37 INFO start thread海绵宝宝_Ck疑
2016-05-11 19:53:37 INFO start thread老鬼子跳舞捶
2016-05-11 19:53:37 INFO start threadkanire0522
2016-05-11 19:53:37 INFO start thread沂充任顿
2016-05-11 19:53:37 INFO start threadjiufcaq940
2016-05-11 19:53:37 INFO start thread滨田葵榨
2016-05-11 19:53:37 INFO 分析URL结束:http://tieba.baidu.com/home/main?un=逝去变成记忆&fr=ibaidu&ie=utf-8
2016-05-11 19:53:37 INFO ---存储数据---
2016-05-11 19:53:37 ERROR 存储用户信息失败:<class '_mysql_exceptions.IntegrityError'>(1062, "Duplicate entry '逝去变成记忆' for key 'PRIMARY'")
2016-05-11 19:53:37 ERROR 存储论坛信息失败<class '_mysql_exceptions.IntegrityError'>(1062, "Duplicate entry '逝去变成记忆-德兴一中' for key 'PRIMARY'")
2016-05-11 19:53:37 ERROR 存储粉丝信息失败<class '_mysql_exceptions.IntegrityError'>(1062, "Duplicate entry '逝去变成记忆-sz8ku5' for key 'PRIMARY'")
2016-05-11 19:53:37 ERROR 存储关注信息失败<class '_mysql_exceptions.IntegrityError'>(1062, "Duplicate entry '逝去变成记忆-就是喜欢你su' for key 'PRIMARY'")
2016-05-11 19:53:37 INFO 开始分析:http://tieba.baidu.com/home/main?un=yearkimking5&fr=ibaidu&ie=utf-8
2016-05-11 19:53:37 INFO 开始分析:http://tieba.baidu.com/home/main?un=沂充任顿&fr=ibaidu&ie=utf-8
2016-05-11 19:53:37 INFO Starting new HTTP connection (1): tieba.baidu.com
2016-05-11 19:53:37 INFO 分析URL结束:http://tieba.baidu.com/home/main?un=有滩蛋位谒僭鬃&fr=ibaidu&ie=utf-8
2016-05-11 19:53:37 INFO Starting new HTTP connection (1): tieba.baidu.com
2016-05-11 19:53:37 INFO ---存储数据---
2016-05-11 19:53:37 ERROR 存储用户信息失败:<class '_mysql_exceptions.IntegrityError'>(1062, "Duplicate entry '有滩蛋位谒僭鬃' for key 'PRIMARY'")
2016-05-11 19:53:37 ERROR 存储论坛信息失败<class 'IndexError'>list index out of range
2016-05-11 19:53:37 ERROR 存储粉丝信息失败<class 'IndexError'>list index out of range
2016-05-11 19:53:37 ERROR 存储关注信息失败<class '_mysql_exceptions.IntegrityError'>(1062, "Duplicate entry '有滩蛋位谒僭鬃-熊孩子6697' for key 'PRIMARY'")
2016-05-11 19:53:37 INFO 开始分析:http://tieba.baidu.com/home/main?un=Derek丶寂寞&fr=ibaidu&ie=utf-8
2016-05-11 19:53:37 INFO Starting new HTTP connection (1): tieba.baidu.com
2016-05-11 19:53:37 INFO 开始分析:http://tieba.baidu.com/home/main?un=打劫窝&fr=ibaidu&ie=utf-8
2016-05-11 19:53:37 INFO Starting new HTTP connection (1): tieba.baidu.com
2016-05-11 19:53:37 DEBUG "GET /home/main?un=yearkimking5&fr=ibaidu&ie=utf-8 HTTP/1.1" 200 None
2016-05-11 19:53:37 DEBUG "GET /home/main?un=%E6%89%93%E5%8A%AB%E7%AA%9D&fr=ibaidu&ie=utf-8 HTTP/1.1" 200 None
2016-05-11 19:53:37 DEBUG "GET /home/main?un=%E6%B2%82%E5%85%85%E4%BB%BB%E9%A1%BF&fr=ibaidu&ie=utf-8 HTTP/1.1" 200 None
2016-05-11 19:53:37 INFO 分析URL结束:http://tieba.baidu.com/home/main?un=yearkimking5&fr=ibaidu&ie=utf-8
2016-05-11 19:53:37 INFO ---存储数据---
2016-05-11 19:53:37 DEBUG "GET /home/main?un=Derek%E4%B8%B6%E5%AF%82%E5%AF%9E&fr=ibaidu&ie=utf-8 HTTP/1.1" 200 None
2016-05-11 19:53:37 ERROR 存储用户信息失败:<class '_mysql_exceptions.IntegrityError'>(1062, "Duplicate entry 'yearkimking5' for key 'PRIMARY'")
2016-05-11 19:53:37 ERROR 存储论坛信息失败<class '_mysql_exceptions.IntegrityError'>(1062, "Duplicate entry 'yearkimking5-贾斯汀比伯' for key 'PRIMARY'")
2016-05-11 19:53:37 ERROR 存储粉丝信息失败<class 'IndexError'>list index out of range
2016-05-11 19:53:38 ERROR 存储关注信息失败<class '_mysql_exceptions.IntegrityError'>(1062, "Duplicate entry 'yearkimking5-冰雪天然' for key 'PRIMARY'")
2016-05-11 19:53:38 INFO 开始分析:http://tieba.baidu.com/home/main?un=苏小戊&fr=ibaidu&ie=utf-8
2016-05-11 19:53:38 INFO Starting new HTTP connection (1): tieba.baidu.com
2016-05-11 19:53:38 INFO 开始分析:http://tieba.baidu.com/home/main?un=Yz_Forever宇&fr=ibaidu&ie=utf-8
2016-05-11 19:53:38 INFO Starting new HTTP connection (1): tieba.baidu.com
